Connecting to database specified by database.yml
Connecting to database specified by database.yml
Connecting to database specified by database.yml


Started GET "/assets/rails.png" for 127.0.0.1 at 2013-02-04 14:05:20 +0800
Connecting to database specified by database.yml
Served asset /rails.png - 200 OK (21ms)


Started GET "/assets/rails.png" for 127.0.0.1 at 2013-02-04 14:05:26 +0800
Served asset /rails.png - 200 OK (0ms)


Started GET "/assets/rails.png" for 127.0.0.1 at 2013-02-04 14:05:31 +0800
Served asset /rails.png - 304 Not Modified (0ms)


Started GET "/" for 127.0.0.1 at 2013-02-04 14:06:28 +0800

ActionController::RoutingError (No route matches [GET] "/"):
  actionpack (3.2.11) lib/action_dispatch/middleware/debug_exceptions.rb:21:in `call'
  actionpack (3.2.11) lib/action_dispatch/middleware/show_exceptions.rb:56:in `call'
  railties (3.2.11) lib/rails/rack/logger.rb:32:in `call_app'
  railties (3.2.11) lib/rails/rack/logger.rb:16:in `block in call'
  activesupport (3.2.11) lib/active_support/tagged_logging.rb:22:in `tagged'
  railties (3.2.11) lib/rails/rack/logger.rb:16:in `call'
  actionpack (3.2.11) lib/action_dispatch/middleware/request_id.rb:22:in `call'
  rack (1.4.4) lib/rack/methodoverride.rb:21:in `call'
  rack (1.4.4) lib/rack/runtime.rb:17:in `call'
  activesupport (3.2.11) lib/active_support/cache/strategy/local_cache.rb:72:in `call'
  rack (1.4.4) lib/rack/lock.rb:15:in `call'
  actionpack (3.2.11) lib/action_dispatch/middleware/static.rb:62:in `call'
  railties (3.2.11) lib/rails/engine.rb:479:in `call'
  railties (3.2.11) lib/rails/application.rb:223:in `call'
  rack (1.4.4) lib/rack/content_length.rb:14:in `call'
  railties (3.2.11) lib/rails/rack/log_tailer.rb:17:in `call'
  rack (1.4.4) lib/rack/handler/webrick.rb:59:in `service'
  /home/soffolk/.rvm/rubies/ruby-1.9.3-p327-falcon/lib/ruby/1.9.1/webrick/httpserver.rb:138:in `service'
  /home/soffolk/.rvm/rubies/ruby-1.9.3-p327-falcon/lib/ruby/1.9.1/webrick/httpserver.rb:94:in `run'
  /home/soffolk/.rvm/rubies/ruby-1.9.3-p327-falcon/lib/ruby/1.9.1/webrick/server.rb:191:in `block in start_thread'


  Rendered /home/soffolk/.rvm/gems/ruby-1.9.3-p327-falcon/gems/actionpack-3.2.11/lib/action_dispatch/middleware/templates/rescues/routing_error.erb within rescues/layout (10.2ms)


Started GET "/todos" for 127.0.0.1 at 2013-02-04 14:06:36 +0800
Processing by TodosController#index as HTML
Completed 500 Internal Server Error in 81ms

ActiveRecord::StatementInvalid (Could not find table 'todos'):
  app/controllers/todos_controller.rb:5:in `index'


  Rendered /home/soffolk/.rvm/gems/ruby-1.9.3-p327-falcon/gems/actionpack-3.2.11/lib/action_dispatch/middleware/templates/rescues/_trace.erb (1.0ms)
  Rendered /home/soffolk/.rvm/gems/ruby-1.9.3-p327-falcon/gems/actionpack-3.2.11/lib/action_dispatch/middleware/templates/rescues/_request_and_response.erb (0.9ms)
  Rendered /home/soffolk/.rvm/gems/ruby-1.9.3-p327-falcon/gems/actionpack-3.2.11/lib/action_dispatch/middleware/templates/rescues/diagnostics.erb within rescues/layout (23.3ms)
Connecting to database specified by database.yml
  [1m[36m (0.1ms)[0m  [1mselect sqlite_version(*)[0m
  [1m[35m (134.6ms)[0m  CREATE TABLE "schema_migrations" ("version" varchar(255) NOT NULL) 
  [1m[36m (124.8ms)[0m  [1mCREATE UNIQUE INDEX "unique_schema_migrations" ON "schema_migrations" ("version")[0m
  [1m[35m (0.7ms)[0m  SELECT "schema_migrations"."version" FROM "schema_migrations" 
Migrating to CreateTodos (20130129091246)
  [1m[36m (0.0ms)[0m  [1mbegin transaction[0m
  [1m[35m (0.3ms)[0m  CREATE TABLE "todos" ("id" INTEGER PRIMARY KEY AUTOINCREMENT NOT NULL, "created_at" datetime NOT NULL, "updated_at" datetime NOT NULL) 
  [1m[36m (0.3ms)[0m  [1mINSERT INTO "schema_migrations" ("version") VALUES ('20130129091246')[0m
  [1m[35m (121.9ms)[0m  commit transaction
  [1m[36m (0.3ms)[0m  [1mSELECT "schema_migrations"."version" FROM "schema_migrations" [0m


Started GET "/todos" for 127.0.0.1 at 2013-02-04 14:06:54 +0800
Processing by TodosController#index as HTML
  [1m[36mTodo Load (0.1ms)[0m  [1mSELECT "todos".* FROM "todos" [0m
  Rendered todos/index.html.erb within layouts/application (0.7ms)
Compiled scaffolds.css  (49ms)  (pid 10604)
Compiled todos.css  (0ms)  (pid 10604)
Compiled application.css  (86ms)  (pid 10604)
Compiled jquery.js  (3ms)  (pid 10604)
Compiled jquery_ujs.js  (0ms)  (pid 10604)
Compiled todos.js  (105ms)  (pid 10604)
Compiled application.js  (171ms)  (pid 10604)
Completed 200 OK in 295ms (Views: 293.0ms | ActiveRecord: 0.5ms)


Started GET "/assets/todos.css?body=1" for 127.0.0.1 at 2013-02-04 14:06:55 +0800
Served asset /todos.css - 200 OK (4ms)


Started GET "/assets/scaffolds.css?body=1" for 127.0.0.1 at 2013-02-04 14:06:55 +0800
Served asset /scaffolds.css - 200 OK (2ms)


Started GET "/assets/application.css?body=1" for 127.0.0.1 at 2013-02-04 14:06:55 +0800
Served asset /application.css - 200 OK (5ms)


Started GET "/assets/jquery.js?body=1" for 127.0.0.1 at 2013-02-04 14:06:55 +0800
Served asset /jquery.js - 200 OK (2ms)


Started GET "/assets/todos.js?body=1" for 127.0.0.1 at 2013-02-04 14:06:55 +0800
Served asset /todos.js - 200 OK (1ms)


Started GET "/assets/jquery_ujs.js?body=1" for 127.0.0.1 at 2013-02-04 14:06:55 +0800
Served asset /jquery_ujs.js - 200 OK (1ms)


Started GET "/assets/application.js?body=1" for 127.0.0.1 at 2013-02-04 14:06:55 +0800
Served asset /application.js - 200 OK (5ms)
Connecting to database specified by database.yml
  [1m[36m (0.7ms)[0m  [1mSELECT "schema_migrations"."version" FROM "schema_migrations" [0m
  [1m[35m (0.2ms)[0m  select sqlite_version(*)
  [1m[36m (129.6ms)[0m  [1mCREATE TABLE "todos" ("id" INTEGER PRIMARY KEY AUTOINCREMENT NOT NULL, "created_at" datetime NOT NULL, "updated_at" datetime NOT NULL) [0m
  [1m[35m (132.4ms)[0m  CREATE TABLE "schema_migrations" ("version" varchar(255) NOT NULL) 
  [1m[36m (141.5ms)[0m  [1mCREATE UNIQUE INDEX "unique_schema_migrations" ON "schema_migrations" ("version")[0m
  [1m[35m (0.2ms)[0m  SELECT version FROM "schema_migrations"
  [1m[36m (148.4ms)[0m  [1mINSERT INTO "schema_migrations" (version) VALUES ('20130129091246')[0m
Connecting to database specified by database.yml


Started GET "/assets/rails.png" for 127.0.0.1 at 2013-02-04 16:07:24 +0800
Connecting to database specified by database.yml
Served asset /rails.png - 304 Not Modified (1ms)


Started GET "/" for 127.0.0.1 at 2013-02-04 16:07:26 +0800

ActionController::RoutingError (No route matches [GET] "/"):
  actionpack (3.2.11) lib/action_dispatch/middleware/debug_exceptions.rb:21:in `call'
  actionpack (3.2.11) lib/action_dispatch/middleware/show_exceptions.rb:56:in `call'
  railties (3.2.11) lib/rails/rack/logger.rb:32:in `call_app'
  railties (3.2.11) lib/rails/rack/logger.rb:16:in `block in call'
  activesupport (3.2.11) lib/active_support/tagged_logging.rb:22:in `tagged'
  railties (3.2.11) lib/rails/rack/logger.rb:16:in `call'
  actionpack (3.2.11) lib/action_dispatch/middleware/request_id.rb:22:in `call'
  rack (1.4.4) lib/rack/methodoverride.rb:21:in `call'
  rack (1.4.4) lib/rack/runtime.rb:17:in `call'
  activesupport (3.2.11) lib/active_support/cache/strategy/local_cache.rb:72:in `call'
  rack (1.4.4) lib/rack/lock.rb:15:in `call'
  actionpack (3.2.11) lib/action_dispatch/middleware/static.rb:62:in `call'
  railties (3.2.11) lib/rails/engine.rb:479:in `call'
  railties (3.2.11) lib/rails/application.rb:223:in `call'
  rack (1.4.4) lib/rack/content_length.rb:14:in `call'
  railties (3.2.11) lib/rails/rack/log_tailer.rb:17:in `call'
  rack (1.4.4) lib/rack/handler/webrick.rb:59:in `service'
  /home/soffolk/.rvm/rubies/ruby-1.9.3-p327-falcon/lib/ruby/1.9.1/webrick/httpserver.rb:138:in `service'
  /home/soffolk/.rvm/rubies/ruby-1.9.3-p327-falcon/lib/ruby/1.9.1/webrick/httpserver.rb:94:in `run'
  /home/soffolk/.rvm/rubies/ruby-1.9.3-p327-falcon/lib/ruby/1.9.1/webrick/server.rb:191:in `block in start_thread'


  Rendered /home/soffolk/.rvm/gems/ruby-1.9.3-p327-falcon/gems/actionpack-3.2.11/lib/action_dispatch/middleware/templates/rescues/routing_error.erb within rescues/layout (0.9ms)


Started GET "/todos" for 127.0.0.1 at 2013-02-04 16:07:29 +0800
Processing by TodosController#index as HTML
  Rendered todos/index.html.erb within layouts/application (0.4ms)
Compiled scaffold.css  (0ms)  (pid 17799)
Compiled tasks.css  (0ms)  (pid 17799)
Compiled application.css  (10ms)  (pid 17799)
Completed 500 Internal Server Error in 32ms

ActionView::Template::Error (couldn't find file 'jquery'
  (in /mnt/soffolk/home/soffolk/work/mine/left_side/spec/dummy/app/assets/javascripts/application.js:13)):
    3:   <head>
    4:     <title>Dummy</title>
    5:     <%= stylesheet_link_tag    "application", :media => "all" %>
    6:     <%= javascript_include_tag "application" %>
    7:     <%= csrf_meta_tags %>
    8:   </head>
    9:   <body>
  app/views/layouts/application.html.erb:6:in `_app_views_layouts_application_html_erb__3902913180229823413_35270800'


  Rendered /home/soffolk/.rvm/gems/ruby-1.9.3-p327-falcon/gems/actionpack-3.2.11/lib/action_dispatch/middleware/templates/rescues/_trace.erb (4.0ms)
  Rendered /home/soffolk/.rvm/gems/ruby-1.9.3-p327-falcon/gems/actionpack-3.2.11/lib/action_dispatch/middleware/templates/rescues/_request_and_response.erb (1.1ms)
  Rendered /home/soffolk/.rvm/gems/ruby-1.9.3-p327-falcon/gems/actionpack-3.2.11/lib/action_dispatch/middleware/templates/rescues/template_error.erb within rescues/layout (11.1ms)


Started GET "/todos" for 127.0.0.1 at 2013-02-04 16:09:25 +0800
Connecting to database specified by database.yml
Processing by TodosController#index as HTML
  Rendered todos/index.html.erb within layouts/application (0.8ms)
Completed 500 Internal Server Error in 13ms

ActionView::Template::Error (couldn't find file 'left_side'
  (in /mnt/soffolk/home/soffolk/work/mine/left_side/spec/dummy/app/assets/stylesheets/application.css:12)):
    2: <html>
    3:   <head>
    4:     <title>Dummy</title>
    5:     <%= stylesheet_link_tag    "application", :media => "all" %>
    6:     <%= javascript_include_tag "application" %>
    7:     <%= csrf_meta_tags %>
    8:   </head>
  app/views/layouts/application.html.erb:5:in `_app_views_layouts_application_html_erb__4456061924710965560_28081220'


  Rendered /home/soffolk/.rvm/gems/ruby-1.9.3-p327-falcon/gems/actionpack-3.2.11/lib/action_dispatch/middleware/templates/rescues/_trace.erb (1.3ms)
  Rendered /home/soffolk/.rvm/gems/ruby-1.9.3-p327-falcon/gems/actionpack-3.2.11/lib/action_dispatch/middleware/templates/rescues/_request_and_response.erb (0.7ms)
  Rendered /home/soffolk/.rvm/gems/ruby-1.9.3-p327-falcon/gems/actionpack-3.2.11/lib/action_dispatch/middleware/templates/rescues/template_error.erb within rescues/layout (5.6ms)


Started GET "/todos" for 127.0.0.1 at 2013-02-04 16:09:27 +0800
Processing by TodosController#index as HTML
  Rendered todos/index.html.erb within layouts/application (0.0ms)
Completed 500 Internal Server Error in 9ms

ActionView::Template::Error (couldn't find file 'left_side'
  (in /mnt/soffolk/home/soffolk/work/mine/left_side/spec/dummy/app/assets/stylesheets/application.css:12)):
    2: <html>
    3:   <head>
    4:     <title>Dummy</title>
    5:     <%= stylesheet_link_tag    "application", :media => "all" %>
    6:     <%= javascript_include_tag "application" %>
    7:     <%= csrf_meta_tags %>
    8:   </head>
  app/views/layouts/application.html.erb:5:in `_app_views_layouts_application_html_erb__4456061924710965560_28081220'


  Rendered /home/soffolk/.rvm/gems/ruby-1.9.3-p327-falcon/gems/actionpack-3.2.11/lib/action_dispatch/middleware/templates/rescues/_trace.erb (1.2ms)
  Rendered /home/soffolk/.rvm/gems/ruby-1.9.3-p327-falcon/gems/actionpack-3.2.11/lib/action_dispatch/middleware/templates/rescues/_request_and_response.erb (0.7ms)
  Rendered /home/soffolk/.rvm/gems/ruby-1.9.3-p327-falcon/gems/actionpack-3.2.11/lib/action_dispatch/middleware/templates/rescues/template_error.erb within rescues/layout (5.7ms)


Started GET "/todos" for 127.0.0.1 at 2013-02-04 16:09:28 +0800
Processing by TodosController#index as HTML
  Rendered todos/index.html.erb within layouts/application (0.0ms)
Completed 500 Internal Server Error in 11ms

ActionView::Template::Error (couldn't find file 'left_side'
  (in /mnt/soffolk/home/soffolk/work/mine/left_side/spec/dummy/app/assets/stylesheets/application.css:12)):
    2: <html>
    3:   <head>
    4:     <title>Dummy</title>
    5:     <%= stylesheet_link_tag    "application", :media => "all" %>
    6:     <%= javascript_include_tag "application" %>
    7:     <%= csrf_meta_tags %>
    8:   </head>
  app/views/layouts/application.html.erb:5:in `_app_views_layouts_application_html_erb__4456061924710965560_28081220'


  Rendered /home/soffolk/.rvm/gems/ruby-1.9.3-p327-falcon/gems/actionpack-3.2.11/lib/action_dispatch/middleware/templates/rescues/_trace.erb (1.1ms)
  Rendered /home/soffolk/.rvm/gems/ruby-1.9.3-p327-falcon/gems/actionpack-3.2.11/lib/action_dispatch/middleware/templates/rescues/_request_and_response.erb (0.7ms)
  Rendered /home/soffolk/.rvm/gems/ruby-1.9.3-p327-falcon/gems/actionpack-3.2.11/lib/action_dispatch/middleware/templates/rescues/template_error.erb within rescues/layout (5.9ms)


Started GET "/todos" for 127.0.0.1 at 2013-02-04 16:09:46 +0800
Processing by TodosController#index as HTML
  Rendered todos/index.html.erb within layouts/application (0.0ms)
Completed 500 Internal Server Error in 10ms

ActionView::Template::Error (cannot load such file -- sass
  (in /mnt/soffolk/home/soffolk/work/mine/left_side/lib/assets/stylesheets/left-side.css.scss)):
    2: <html>
    3:   <head>
    4:     <title>Dummy</title>
    5:     <%= stylesheet_link_tag    "application", :media => "all" %>
    6:     <%= javascript_include_tag "application" %>
    7:     <%= csrf_meta_tags %>
    8:   </head>
  app/views/layouts/application.html.erb:5:in `_app_views_layouts_application_html_erb__4456061924710965560_28081220'


  Rendered /home/soffolk/.rvm/gems/ruby-1.9.3-p327-falcon/gems/actionpack-3.2.11/lib/action_dispatch/middleware/templates/rescues/_trace.erb (1.1ms)
  Rendered /home/soffolk/.rvm/gems/ruby-1.9.3-p327-falcon/gems/actionpack-3.2.11/lib/action_dispatch/middleware/templates/rescues/_request_and_response.erb (0.8ms)
  Rendered /home/soffolk/.rvm/gems/ruby-1.9.3-p327-falcon/gems/actionpack-3.2.11/lib/action_dispatch/middleware/templates/rescues/template_error.erb within rescues/layout (5.6ms)


Started GET "/todos" for 127.0.0.1 at 2013-02-04 16:09:47 +0800
Processing by TodosController#index as HTML
  Rendered todos/index.html.erb within layouts/application (0.0ms)
Completed 500 Internal Server Error in 11ms

ActionView::Template::Error (cannot load such file -- sass
  (in /mnt/soffolk/home/soffolk/work/mine/left_side/lib/assets/stylesheets/left-side.css.scss)):
    2: <html>
    3:   <head>
    4:     <title>Dummy</title>
    5:     <%= stylesheet_link_tag    "application", :media => "all" %>
    6:     <%= javascript_include_tag "application" %>
    7:     <%= csrf_meta_tags %>
    8:   </head>
  app/views/layouts/application.html.erb:5:in `_app_views_layouts_application_html_erb__4456061924710965560_28081220'


  Rendered /home/soffolk/.rvm/gems/ruby-1.9.3-p327-falcon/gems/actionpack-3.2.11/lib/action_dispatch/middleware/templates/rescues/_trace.erb (1.2ms)
  Rendered /home/soffolk/.rvm/gems/ruby-1.9.3-p327-falcon/gems/actionpack-3.2.11/lib/action_dispatch/middleware/templates/rescues/_request_and_response.erb (0.9ms)
  Rendered /home/soffolk/.rvm/gems/ruby-1.9.3-p327-falcon/gems/actionpack-3.2.11/lib/action_dispatch/middleware/templates/rescues/template_error.erb within rescues/layout (6.0ms)


Started GET "/todos" for 127.0.0.1 at 2013-02-04 16:09:48 +0800
Processing by TodosController#index as HTML
  Rendered todos/index.html.erb within layouts/application (0.0ms)
Completed 500 Internal Server Error in 11ms

ActionView::Template::Error (cannot load such file -- sass
  (in /mnt/soffolk/home/soffolk/work/mine/left_side/lib/assets/stylesheets/left-side.css.scss)):
    2: <html>
    3:   <head>
    4:     <title>Dummy</title>
    5:     <%= stylesheet_link_tag    "application", :media => "all" %>
    6:     <%= javascript_include_tag "application" %>
    7:     <%= csrf_meta_tags %>
    8:   </head>
  app/views/layouts/application.html.erb:5:in `_app_views_layouts_application_html_erb__4456061924710965560_28081220'


  Rendered /home/soffolk/.rvm/gems/ruby-1.9.3-p327-falcon/gems/actionpack-3.2.11/lib/action_dispatch/middleware/templates/rescues/_trace.erb (1.1ms)
  Rendered /home/soffolk/.rvm/gems/ruby-1.9.3-p327-falcon/gems/actionpack-3.2.11/lib/action_dispatch/middleware/templates/rescues/_request_and_response.erb (0.9ms)
  Rendered /home/soffolk/.rvm/gems/ruby-1.9.3-p327-falcon/gems/actionpack-3.2.11/lib/action_dispatch/middleware/templates/rescues/template_error.erb within rescues/layout (6.6ms)


Started GET "/todos" for 127.0.0.1 at 2013-02-04 16:09:49 +0800
Processing by TodosController#index as HTML
  Rendered todos/index.html.erb within layouts/application (0.0ms)
Completed 500 Internal Server Error in 9ms

ActionView::Template::Error (cannot load such file -- sass
  (in /mnt/soffolk/home/soffolk/work/mine/left_side/lib/assets/stylesheets/left-side.css.scss)):
    2: <html>
    3:   <head>
    4:     <title>Dummy</title>
    5:     <%= stylesheet_link_tag    "application", :media => "all" %>
    6:     <%= javascript_include_tag "application" %>
    7:     <%= csrf_meta_tags %>
    8:   </head>
  app/views/layouts/application.html.erb:5:in `_app_views_layouts_application_html_erb__4456061924710965560_28081220'


  Rendered /home/soffolk/.rvm/gems/ruby-1.9.3-p327-falcon/gems/actionpack-3.2.11/lib/action_dispatch/middleware/templates/rescues/_trace.erb (1.0ms)
  Rendered /home/soffolk/.rvm/gems/ruby-1.9.3-p327-falcon/gems/actionpack-3.2.11/lib/action_dispatch/middleware/templates/rescues/_request_and_response.erb (0.7ms)
  Rendered /home/soffolk/.rvm/gems/ruby-1.9.3-p327-falcon/gems/actionpack-3.2.11/lib/action_dispatch/middleware/templates/rescues/template_error.erb within rescues/layout (5.5ms)


Started GET "/todos" for 127.0.0.1 at 2013-02-04 16:09:50 +0800
Processing by TodosController#index as HTML
  Rendered todos/index.html.erb within layouts/application (0.0ms)
Completed 500 Internal Server Error in 10ms

ActionView::Template::Error (cannot load such file -- sass
  (in /mnt/soffolk/home/soffolk/work/mine/left_side/lib/assets/stylesheets/left-side.css.scss)):
    2: <html>
    3:   <head>
    4:     <title>Dummy</title>
    5:     <%= stylesheet_link_tag    "application", :media => "all" %>
    6:     <%= javascript_include_tag "application" %>
    7:     <%= csrf_meta_tags %>
    8:   </head>
  app/views/layouts/application.html.erb:5:in `_app_views_layouts_application_html_erb__4456061924710965560_28081220'


  Rendered /home/soffolk/.rvm/gems/ruby-1.9.3-p327-falcon/gems/actionpack-3.2.11/lib/action_dispatch/middleware/templates/rescues/_trace.erb (1.2ms)
  Rendered /home/soffolk/.rvm/gems/ruby-1.9.3-p327-falcon/gems/actionpack-3.2.11/lib/action_dispatch/middleware/templates/rescues/_request_and_response.erb (0.7ms)
  Rendered /home/soffolk/.rvm/gems/ruby-1.9.3-p327-falcon/gems/actionpack-3.2.11/lib/action_dispatch/middleware/templates/rescues/template_error.erb within rescues/layout (5.5ms)


Started GET "/todos" for 127.0.0.1 at 2013-02-04 16:09:51 +0800
Processing by TodosController#index as HTML
  Rendered todos/index.html.erb within layouts/application (0.0ms)
Completed 500 Internal Server Error in 8ms

ActionView::Template::Error (cannot load such file -- sass
  (in /mnt/soffolk/home/soffolk/work/mine/left_side/lib/assets/stylesheets/left-side.css.scss)):
    2: <html>
    3:   <head>
    4:     <title>Dummy</title>
    5:     <%= stylesheet_link_tag    "application", :media => "all" %>
    6:     <%= javascript_include_tag "application" %>
    7:     <%= csrf_meta_tags %>
    8:   </head>
  app/views/layouts/application.html.erb:5:in `_app_views_layouts_application_html_erb__4456061924710965560_28081220'


  Rendered /home/soffolk/.rvm/gems/ruby-1.9.3-p327-falcon/gems/actionpack-3.2.11/lib/action_dispatch/middleware/templates/rescues/_trace.erb (1.1ms)
  Rendered /home/soffolk/.rvm/gems/ruby-1.9.3-p327-falcon/gems/actionpack-3.2.11/lib/action_dispatch/middleware/templates/rescues/_request_and_response.erb (0.7ms)
  Rendered /home/soffolk/.rvm/gems/ruby-1.9.3-p327-falcon/gems/actionpack-3.2.11/lib/action_dispatch/middleware/templates/rescues/template_error.erb within rescues/layout (5.2ms)


Started GET "/todos" for 127.0.0.1 at 2013-02-04 16:09:51 +0800
Processing by TodosController#index as HTML
  Rendered todos/index.html.erb within layouts/application (0.0ms)
Completed 500 Internal Server Error in 10ms

ActionView::Template::Error (cannot load such file -- sass
  (in /mnt/soffolk/home/soffolk/work/mine/left_side/lib/assets/stylesheets/left-side.css.scss)):
    2: <html>
    3:   <head>
    4:     <title>Dummy</title>
    5:     <%= stylesheet_link_tag    "application", :media => "all" %>
    6:     <%= javascript_include_tag "application" %>
    7:     <%= csrf_meta_tags %>
    8:   </head>
  app/views/layouts/application.html.erb:5:in `_app_views_layouts_application_html_erb__4456061924710965560_28081220'


  Rendered /home/soffolk/.rvm/gems/ruby-1.9.3-p327-falcon/gems/actionpack-3.2.11/lib/action_dispatch/middleware/templates/rescues/_trace.erb (1.0ms)
  Rendered /home/soffolk/.rvm/gems/ruby-1.9.3-p327-falcon/gems/actionpack-3.2.11/lib/action_dispatch/middleware/templates/rescues/_request_and_response.erb (0.7ms)
  Rendered /home/soffolk/.rvm/gems/ruby-1.9.3-p327-falcon/gems/actionpack-3.2.11/lib/action_dispatch/middleware/templates/rescues/template_error.erb within rescues/layout (5.3ms)


Started GET "/todos" for 127.0.0.1 at 2013-02-04 16:11:34 +0800
Connecting to database specified by database.yml
Processing by TodosController#index as HTML
  Rendered todos/index.html.erb within layouts/application (0.7ms)
Compiled left-side.css  (5ms)  (pid 18184)
Compiled application.css  (12ms)  (pid 18184)
Compiled application.js  (0ms)  (pid 18184)
  Rendered /mnt/soffolk/home/soffolk/work/mine/left_side/lib/left_side/cells/left_side/base.html.erb (1.2ms)
Completed 200 OK in 47ms (Views: 46.9ms | ActiveRecord: 0.0ms)


Started GET "/assets/application.css?body=1" for 127.0.0.1 at 2013-02-04 16:11:34 +0800
Served asset /application.css - 304 Not Modified (4ms)


Started GET "/assets/application.js?body=1" for 127.0.0.1 at 2013-02-04 16:11:34 +0800
Served asset /application.js - 200 OK (1ms)


Started GET "/assets/left-side.css?body=1" for 127.0.0.1 at 2013-02-04 16:11:34 +0800
Served asset /left-side.css - 200 OK (1ms)


Started GET "/todos" for 127.0.0.1 at 2013-02-04 16:11:39 +0800
Processing by TodosController#index as HTML
  Rendered todos/index.html.erb within layouts/application (0.0ms)
  Rendered /mnt/soffolk/home/soffolk/work/mine/left_side/lib/left_side/cells/left_side/base.html.erb (1.1ms)
Completed 200 OK in 9ms (Views: 8.5ms | ActiveRecord: 0.0ms)


Started GET "/assets/application.css?body=1" for 127.0.0.1 at 2013-02-04 16:11:39 +0800
Served asset /application.css - 304 Not Modified (0ms)


Started GET "/todos" for 127.0.0.1 at 2013-02-04 16:11:40 +0800
Processing by TodosController#index as HTML
  Rendered todos/index.html.erb within layouts/application (0.0ms)
  Rendered /mnt/soffolk/home/soffolk/work/mine/left_side/lib/left_side/cells/left_side/base.html.erb (1.1ms)
Completed 200 OK in 10ms (Views: 10.0ms | ActiveRecord: 0.0ms)


Started GET "/assets/application.css?body=1" for 127.0.0.1 at 2013-02-04 16:11:40 +0800
Served asset /application.css - 304 Not Modified (0ms)


Started GET "/todos" for 127.0.0.1 at 2013-02-04 16:11:41 +0800
Processing by TodosController#index as HTML
  Rendered todos/index.html.erb within layouts/application (0.0ms)
  Rendered /mnt/soffolk/home/soffolk/work/mine/left_side/lib/left_side/cells/left_side/base.html.erb (1.1ms)
Completed 200 OK in 10ms (Views: 9.7ms | ActiveRecord: 0.0ms)


Started GET "/assets/application.css?body=1" for 127.0.0.1 at 2013-02-04 16:11:41 +0800
Served asset /application.css - 304 Not Modified (0ms)


Started GET "/todos" for 127.0.0.1 at 2013-02-04 16:11:41 +0800
Processing by TodosController#index as HTML
  Rendered todos/index.html.erb within layouts/application (0.0ms)
  Rendered /mnt/soffolk/home/soffolk/work/mine/left_side/lib/left_side/cells/left_side/base.html.erb (1.0ms)
Completed 200 OK in 9ms (Views: 8.5ms | ActiveRecord: 0.0ms)


Started GET "/assets/application.css?body=1" for 127.0.0.1 at 2013-02-04 16:11:42 +0800
Served asset /application.css - 304 Not Modified (0ms)


Started GET "/todos" for 127.0.0.1 at 2013-02-04 16:11:42 +0800
Processing by TodosController#index as HTML
  Rendered todos/index.html.erb within layouts/application (0.0ms)
  Rendered /mnt/soffolk/home/soffolk/work/mine/left_side/lib/left_side/cells/left_side/base.html.erb (1.1ms)
Completed 200 OK in 9ms (Views: 9.1ms | ActiveRecord: 0.0ms)


Started GET "/assets/application.css?body=1" for 127.0.0.1 at 2013-02-04 16:11:42 +0800
Served asset /application.css - 304 Not Modified (0ms)


Started GET "/todos" for 127.0.0.1 at 2013-02-04 16:11:43 +0800
Processing by TodosController#index as HTML
  Rendered todos/index.html.erb within layouts/application (0.0ms)
  Rendered /mnt/soffolk/home/soffolk/work/mine/left_side/lib/left_side/cells/left_side/base.html.erb (1.1ms)
Completed 200 OK in 9ms (Views: 8.5ms | ActiveRecord: 0.0ms)


Started GET "/assets/application.css?body=1" for 127.0.0.1 at 2013-02-04 16:11:43 +0800
Served asset /application.css - 304 Not Modified (0ms)


Started GET "/tasks" for 127.0.0.1 at 2013-02-04 16:11:44 +0800
Processing by TasksController#index as HTML
  Rendered tasks/index.html.erb within layouts/application (0.2ms)
  Rendered /mnt/soffolk/home/soffolk/work/mine/left_side/lib/left_side/cells/left_side/base.html.erb (1.3ms)
Completed 200 OK in 9ms (Views: 9.0ms | ActiveRecord: 0.0ms)


Started GET "/assets/application.css?body=1" for 127.0.0.1 at 2013-02-04 16:11:44 +0800
Served asset /application.css - 304 Not Modified (0ms)


Started GET "/tasks" for 127.0.0.1 at 2013-02-04 16:11:45 +0800
Processing by TasksController#index as HTML
  Rendered tasks/index.html.erb within layouts/application (0.0ms)
  Rendered /mnt/soffolk/home/soffolk/work/mine/left_side/lib/left_side/cells/left_side/base.html.erb (1.3ms)
Completed 200 OK in 9ms (Views: 8.9ms | ActiveRecord: 0.0ms)


Started GET "/assets/application.css?body=1" for 127.0.0.1 at 2013-02-04 16:11:45 +0800
Served asset /application.css - 304 Not Modified (0ms)


Started GET "/tasks" for 127.0.0.1 at 2013-02-04 16:11:45 +0800
Processing by TasksController#index as HTML
  Rendered tasks/index.html.erb within layouts/application (0.0ms)
  Rendered /mnt/soffolk/home/soffolk/work/mine/left_side/lib/left_side/cells/left_side/base.html.erb (1.2ms)
Completed 200 OK in 8ms (Views: 8.2ms | ActiveRecord: 0.0ms)


Started GET "/assets/application.css?body=1" for 127.0.0.1 at 2013-02-04 16:11:45 +0800
Served asset /application.css - 304 Not Modified (0ms)


Started GET "/tasks" for 127.0.0.1 at 2013-02-04 16:11:46 +0800
Processing by TasksController#index as HTML
  Rendered tasks/index.html.erb within layouts/application (0.0ms)
  Rendered /mnt/soffolk/home/soffolk/work/mine/left_side/lib/left_side/cells/left_side/base.html.erb (1.4ms)
Completed 200 OK in 9ms (Views: 8.9ms | ActiveRecord: 0.0ms)


Started GET "/assets/application.css?body=1" for 127.0.0.1 at 2013-02-04 16:11:46 +0800
Served asset /application.css - 304 Not Modified (0ms)


Started GET "/todos" for 127.0.0.1 at 2013-02-04 16:11:56 +0800
Processing by TodosController#index as HTML
  Rendered todos/index.html.erb within layouts/application (0.0ms)
  Rendered /mnt/soffolk/home/soffolk/work/mine/left_side/lib/left_side/cells/left_side/base.html.erb (1.1ms)
Completed 200 OK in 8ms (Views: 8.2ms | ActiveRecord: 0.0ms)


Started GET "/assets/application.css?body=1" for 127.0.0.1 at 2013-02-04 16:11:56 +0800
Served asset /application.css - 200 OK (0ms)


Started GET "/assets/left-side.css?body=1" for 127.0.0.1 at 2013-02-04 16:11:56 +0800
Served asset /left-side.css - 200 OK (2ms)


Started GET "/assets/application.js?body=1" for 127.0.0.1 at 2013-02-04 16:11:56 +0800
Served asset /application.js - 200 OK (0ms)


Started GET "/tasks" for 127.0.0.1 at 2013-02-04 16:11:57 +0800
Processing by TasksController#index as HTML
  Rendered tasks/index.html.erb within layouts/application (0.1ms)
  Rendered /mnt/soffolk/home/soffolk/work/mine/left_side/lib/left_side/cells/left_side/base.html.erb (1.4ms)
Completed 200 OK in 12ms (Views: 11.4ms | ActiveRecord: 0.0ms)


Started GET "/assets/application.css?body=1" for 127.0.0.1 at 2013-02-04 16:11:57 +0800
Served asset /application.css - 200 OK (2ms)


Started GET "/assets/left-side.css?body=1" for 127.0.0.1 at 2013-02-04 16:11:57 +0800
Served asset /left-side.css - 200 OK (0ms)


Started GET "/assets/application.js?body=1" for 127.0.0.1 at 2013-02-04 16:11:57 +0800
Served asset /application.js - 200 OK (0ms)


Started GET "/tasks" for 127.0.0.1 at 2013-02-04 16:11:58 +0800
Processing by TasksController#index as HTML
  Rendered tasks/index.html.erb within layouts/application (0.0ms)
  Rendered /mnt/soffolk/home/soffolk/work/mine/left_side/lib/left_side/cells/left_side/base.html.erb (1.4ms)
Completed 200 OK in 11ms (Views: 10.4ms | ActiveRecord: 0.0ms)


Started GET "/assets/application.css?body=1" for 127.0.0.1 at 2013-02-04 16:11:58 +0800
Served asset /application.css - 200 OK (0ms)


Started GET "/assets/left-side.css?body=1" for 127.0.0.1 at 2013-02-04 16:11:58 +0800
Served asset /left-side.css - 200 OK (0ms)


Started GET "/assets/application.js?body=1" for 127.0.0.1 at 2013-02-04 16:11:58 +0800
Served asset /application.js - 200 OK (0ms)


Started GET "/todos" for 127.0.0.1 at 2013-02-04 16:11:59 +0800
Processing by TodosController#index as HTML
  Rendered todos/index.html.erb within layouts/application (0.0ms)
  Rendered /mnt/soffolk/home/soffolk/work/mine/left_side/lib/left_side/cells/left_side/base.html.erb (1.1ms)
Completed 200 OK in 8ms (Views: 8.2ms | ActiveRecord: 0.0ms)


Started GET "/assets/application.css?body=1" for 127.0.0.1 at 2013-02-04 16:11:59 +0800
Served asset /application.css - 200 OK (0ms)


Started GET "/assets/left-side.css?body=1" for 127.0.0.1 at 2013-02-04 16:11:59 +0800
Served asset /left-side.css - 200 OK (2ms)


Started GET "/assets/application.js?body=1" for 127.0.0.1 at 2013-02-04 16:11:59 +0800
Served asset /application.js - 200 OK (0ms)


Started GET "/todos" for 127.0.0.1 at 2013-02-04 16:25:00 +0800
Processing by TodosController#index as HTML
  Rendered todos/index.html.erb within layouts/application (0.0ms)
  Rendered /mnt/soffolk/home/soffolk/work/mine/left_side/lib/left_side/cells/left_side/base.html.erb (1.5ms)
Completed 200 OK in 12ms (Views: 11.9ms | ActiveRecord: 0.0ms)


Started GET "/assets/application.css?body=1" for 127.0.0.1 at 2013-02-04 16:25:00 +0800
Served asset /application.css - 200 OK (0ms)


Started GET "/assets/application.js?body=1" for 127.0.0.1 at 2013-02-04 16:25:00 +0800
Served asset /application.js - 200 OK (0ms)


Started GET "/assets/left-side.css?body=1" for 127.0.0.1 at 2013-02-04 16:25:00 +0800
Served asset /left-side.css - 200 OK (0ms)


Started GET "/todos" for 127.0.0.1 at 2013-02-04 16:38:57 +0800
Processing by TodosController#index as HTML
  Rendered todos/index.html.erb within layouts/application (0.0ms)
Compiled left-side.css  (7ms)  (pid 18184)
Compiled application.css  (1ms)  (pid 18184)
  Rendered /mnt/soffolk/home/soffolk/work/mine/left_side/lib/left_side/cells/left_side/base.html.erb (1.3ms)
Completed 200 OK in 28ms (Views: 27.9ms | ActiveRecord: 0.0ms)


Started GET "/assets/left-side.css?body=1" for 127.0.0.1 at 2013-02-04 16:38:57 +0800
Served asset /left-side.css - 200 OK (1ms)


Started GET "/assets/application.js?body=1" for 127.0.0.1 at 2013-02-04 16:38:57 +0800
Served asset /application.js - 304 Not Modified (0ms)


Started GET "/assets/application.css?body=1" for 127.0.0.1 at 2013-02-04 16:38:57 +0800
Served asset /application.css - 304 Not Modified (2ms)


Started GET "/todos" for 127.0.0.1 at 2013-02-04 16:39:53 +0800
Processing by TodosController#index as HTML
  Rendered todos/index.html.erb within layouts/application (0.0ms)
Compiled left-side.css  (7ms)  (pid 18184)
Compiled application.css  (1ms)  (pid 18184)
  Rendered /mnt/soffolk/home/soffolk/work/mine/left_side/lib/left_side/cells/left_side/base.html.erb (1.2ms)
Completed 200 OK in 29ms (Views: 28.5ms | ActiveRecord: 0.0ms)


Started GET "/assets/application.js?body=1" for 127.0.0.1 at 2013-02-04 16:39:53 +0800
Served asset /application.js - 200 OK (0ms)


Started GET "/assets/application.css?body=1" for 127.0.0.1 at 2013-02-04 16:39:53 +0800
Served asset /application.css - 200 OK (3ms)


Started GET "/assets/left-side.css?body=1" for 127.0.0.1 at 2013-02-04 16:39:54 +0800
Served asset /left-side.css - 200 OK (1ms)


Started GET "/todos" for 127.0.0.1 at 2013-02-04 16:40:33 +0800
Processing by TodosController#index as HTML
  Rendered todos/index.html.erb within layouts/application (0.0ms)
Compiled left-side.css  (6ms)  (pid 18184)
Compiled application.css  (1ms)  (pid 18184)
  Rendered /mnt/soffolk/home/soffolk/work/mine/left_side/lib/left_side/cells/left_side/base.html.erb (1.0ms)
Completed 200 OK in 28ms (Views: 27.4ms | ActiveRecord: 0.0ms)


Started GET "/assets/left-side.css?body=1" for 127.0.0.1 at 2013-02-04 16:40:33 +0800
Served asset /left-side.css - 200 OK (2ms)


Started GET "/assets/application.css?body=1" for 127.0.0.1 at 2013-02-04 16:40:33 +0800
Served asset /application.css - 200 OK (2ms)


Started GET "/assets/application.js?body=1" for 127.0.0.1 at 2013-02-04 16:40:33 +0800
Served asset /application.js - 200 OK (0ms)


Started GET "/todos" for 127.0.0.1 at 2013-02-04 16:41:27 +0800
Processing by TodosController#index as HTML
  Rendered todos/index.html.erb within layouts/application (0.0ms)
Compiled left-side.css  (8ms)  (pid 18184)
Compiled application.css  (1ms)  (pid 18184)
  Rendered /mnt/soffolk/home/soffolk/work/mine/left_side/lib/left_side/cells/left_side/base.html.erb (1.1ms)
Completed 200 OK in 29ms (Views: 28.5ms | ActiveRecord: 0.0ms)


Started GET "/assets/application.css?body=1" for 127.0.0.1 at 2013-02-04 16:41:27 +0800
Served asset /application.css - 200 OK (3ms)


Started GET "/assets/left-side.css?body=1" for 127.0.0.1 at 2013-02-04 16:41:27 +0800
Served asset /left-side.css - 200 OK (1ms)


Started GET "/assets/application.js?body=1" for 127.0.0.1 at 2013-02-04 16:41:27 +0800
Served asset /application.js - 200 OK (0ms)


Started GET "/todos" for 127.0.0.1 at 2013-02-04 16:42:19 +0800
Processing by TodosController#index as HTML
  Rendered todos/index.html.erb within layouts/application (0.0ms)
Compiled left-side.css  (9ms)  (pid 18184)
Compiled application.css  (1ms)  (pid 18184)
  Rendered /mnt/soffolk/home/soffolk/work/mine/left_side/lib/left_side/cells/left_side/base.html.erb (1.1ms)
Completed 200 OK in 31ms (Views: 31.2ms | ActiveRecord: 0.0ms)


Started GET "/assets/application.js?body=1" for 127.0.0.1 at 2013-02-04 16:42:19 +0800
Served asset /application.js - 200 OK (0ms)


Started GET "/assets/left-side.css?body=1" for 127.0.0.1 at 2013-02-04 16:42:19 +0800
Served asset /left-side.css - 200 OK (1ms)


Started GET "/assets/application.css?body=1" for 127.0.0.1 at 2013-02-04 16:42:19 +0800
Served asset /application.css - 200 OK (2ms)


Started GET "/todos" for 127.0.0.1 at 2013-02-04 16:42:54 +0800
Processing by TodosController#index as HTML
  Rendered todos/index.html.erb within layouts/application (0.0ms)
Compiled left-side.css  (10ms)  (pid 18184)
Compiled application.css  (1ms)  (pid 18184)
  Rendered /mnt/soffolk/home/soffolk/work/mine/left_side/lib/left_side/cells/left_side/base.html.erb (1.2ms)
Completed 200 OK in 69ms (Views: 68.6ms | ActiveRecord: 0.0ms)


Started GET "/assets/application.css?body=1" for 127.0.0.1 at 2013-02-04 16:42:55 +0800
Served asset /application.css - 200 OK (3ms)


Started GET "/assets/application.js?body=1" for 127.0.0.1 at 2013-02-04 16:42:55 +0800
Served asset /application.js - 200 OK (0ms)


Started GET "/assets/left-side.css?body=1" for 127.0.0.1 at 2013-02-04 16:42:55 +0800
Served asset /left-side.css - 200 OK (1ms)


Started GET "/todos" for 127.0.0.1 at 2013-02-04 16:44:24 +0800
Processing by TodosController#index as HTML
  Rendered todos/index.html.erb within layouts/application (0.0ms)
Compiled left-side.css  (35ms)  (pid 18184)
Compiled application.css  (1ms)  (pid 18184)
  Rendered /mnt/soffolk/home/soffolk/work/mine/left_side/lib/left_side/cells/left_side/base.html.erb (1.2ms)
Completed 200 OK in 58ms (Views: 58.3ms | ActiveRecord: 0.0ms)


Started GET "/assets/left-side.css?body=1" for 127.0.0.1 at 2013-02-04 16:44:24 +0800
Served asset /left-side.css - 200 OK (2ms)


Started GET "/assets/application.css?body=1" for 127.0.0.1 at 2013-02-04 16:44:24 +0800
Served asset /application.css - 200 OK (2ms)


Started GET "/assets/application.js?body=1" for 127.0.0.1 at 2013-02-04 16:44:24 +0800
Served asset /application.js - 200 OK (0ms)


Started GET "/todos" for 127.0.0.1 at 2013-02-04 16:48:56 +0800
Processing by TodosController#index as HTML
  Rendered todos/index.html.erb within layouts/application (0.0ms)
Compiled left-side.css  (13ms)  (pid 18184)
Compiled application.css  (1ms)  (pid 18184)
  Rendered /mnt/soffolk/home/soffolk/work/mine/left_side/lib/left_side/cells/left_side/base.html.erb (1.2ms)
Completed 200 OK in 33ms (Views: 32.9ms | ActiveRecord: 0.0ms)


Started GET "/assets/application.js?body=1" for 127.0.0.1 at 2013-02-04 16:48:56 +0800
Served asset /application.js - 200 OK (0ms)


Started GET "/assets/application.css?body=1" for 127.0.0.1 at 2013-02-04 16:48:56 +0800
Served asset /application.css - 200 OK (3ms)


Started GET "/assets/left-side.css?body=1" for 127.0.0.1 at 2013-02-04 16:48:56 +0800
Served asset /left-side.css - 200 OK (1ms)


Started GET "/todos" for 127.0.0.1 at 2013-02-04 16:49:24 +0800
Processing by TodosController#index as HTML
  Rendered todos/index.html.erb within layouts/application (0.0ms)
Compiled left-side.css  (10ms)  (pid 18184)
Compiled application.css  (1ms)  (pid 18184)
  Rendered /mnt/soffolk/home/soffolk/work/mine/left_side/lib/left_side/cells/left_side/base.html.erb (1.3ms)
Completed 200 OK in 34ms (Views: 33.6ms | ActiveRecord: 0.0ms)


Started GET "/assets/left-side.css?body=1" for 127.0.0.1 at 2013-02-04 16:49:25 +0800
Served asset /left-side.css - 200 OK (1ms)


Started GET "/assets/application.css?body=1" for 127.0.0.1 at 2013-02-04 16:49:25 +0800
Served asset /application.css - 200 OK (2ms)


Started GET "/assets/application.js?body=1" for 127.0.0.1 at 2013-02-04 16:49:25 +0800
Served asset /application.js - 200 OK (0ms)


Started GET "/todos" for 127.0.0.1 at 2013-02-04 16:50:34 +0800
Processing by TodosController#index as HTML
  Rendered todos/index.html.erb within layouts/application (0.0ms)
Compiled left-side.css  (10ms)  (pid 18184)
Compiled application.css  (1ms)  (pid 18184)
  Rendered /mnt/soffolk/home/soffolk/work/mine/left_side/lib/left_side/cells/left_side/base.html.erb (1.2ms)
Completed 200 OK in 30ms (Views: 29.7ms | ActiveRecord: 0.0ms)


Started GET "/assets/left-side.css?body=1" for 127.0.0.1 at 2013-02-04 16:50:35 +0800
Served asset /left-side.css - 200 OK (4ms)


Started GET "/assets/application.css?body=1" for 127.0.0.1 at 2013-02-04 16:50:35 +0800
Served asset /application.css - 200 OK (2ms)


Started GET "/assets/application.js?body=1" for 127.0.0.1 at 2013-02-04 16:50:35 +0800
Served asset /application.js - 200 OK (0ms)


Started GET "/todos" for 127.0.0.1 at 2013-02-04 16:50:57 +0800
Processing by TodosController#index as HTML
  Rendered todos/index.html.erb within layouts/application (0.0ms)
Compiled left-side.css  (9ms)  (pid 18184)
Compiled application.css  (1ms)  (pid 18184)
  Rendered /mnt/soffolk/home/soffolk/work/mine/left_side/lib/left_side/cells/left_side/base.html.erb (1.7ms)
Completed 200 OK in 31ms (Views: 31.1ms | ActiveRecord: 0.0ms)


Started GET "/assets/application.css?body=1" for 127.0.0.1 at 2013-02-04 16:50:58 +0800
Served asset /application.css - 200 OK (4ms)


Started GET "/assets/left-side.css?body=1" for 127.0.0.1 at 2013-02-04 16:50:58 +0800
Served asset /left-side.css - 200 OK (1ms)


Started GET "/assets/application.js?body=1" for 127.0.0.1 at 2013-02-04 16:50:58 +0800
Served asset /application.js - 200 OK (0ms)


Started GET "/todos" for 127.0.0.1 at 2013-02-04 16:51:15 +0800
Processing by TodosController#index as HTML
  Rendered todos/index.html.erb within layouts/application (0.0ms)
Compiled left-side.css  (9ms)  (pid 18184)
Compiled application.css  (0ms)  (pid 18184)
  Rendered /mnt/soffolk/home/soffolk/work/mine/left_side/lib/left_side/cells/left_side/base.html.erb (1.1ms)
Completed 200 OK in 29ms (Views: 28.4ms | ActiveRecord: 0.0ms)


Started GET "/assets/left-side.css?body=1" for 127.0.0.1 at 2013-02-04 16:51:15 +0800
Served asset /left-side.css - 200 OK (2ms)


Started GET "/assets/application.js?body=1" for 127.0.0.1 at 2013-02-04 16:51:15 +0800
Served asset /application.js - 200 OK (0ms)


Started GET "/assets/application.css?body=1" for 127.0.0.1 at 2013-02-04 16:51:15 +0800
Served asset /application.css - 200 OK (3ms)


Started GET "/todos" for 127.0.0.1 at 2013-02-04 16:51:59 +0800
Processing by TodosController#index as HTML
  Rendered todos/index.html.erb within layouts/application (0.0ms)
Compiled left-side.css  (11ms)  (pid 18184)
Compiled application.css  (1ms)  (pid 18184)
  Rendered /mnt/soffolk/home/soffolk/work/mine/left_side/lib/left_side/cells/left_side/base.html.erb (1.3ms)
Completed 200 OK in 41ms (Views: 41.2ms | ActiveRecord: 0.0ms)


Started GET "/assets/left-side.css?body=1" for 127.0.0.1 at 2013-02-04 16:51:59 +0800
Served asset /left-side.css - 200 OK (1ms)


Started GET "/assets/application.js?body=1" for 127.0.0.1 at 2013-02-04 16:51:59 +0800
Served asset /application.js - 200 OK (0ms)


Started GET "/assets/application.css?body=1" for 127.0.0.1 at 2013-02-04 16:51:59 +0800
Served asset /application.css - 200 OK (3ms)


Started GET "/todos" for 127.0.0.1 at 2013-02-04 16:58:04 +0800
Processing by TodosController#index as HTML
  Rendered todos/index.html.erb within layouts/application (0.0ms)
Compiled left-side.css  (33ms)  (pid 18184)
Compiled application.css  (1ms)  (pid 18184)
  Rendered /mnt/soffolk/home/soffolk/work/mine/left_side/lib/left_side/cells/left_side/base.html.erb (1.1ms)
Completed 200 OK in 53ms (Views: 53.1ms | ActiveRecord: 0.0ms)


Started GET "/assets/application.css?body=1" for 127.0.0.1 at 2013-02-04 16:58:05 +0800
Served asset /application.css - 200 OK (5ms)


Started GET "/assets/left-side.css?body=1" for 127.0.0.1 at 2013-02-04 16:58:05 +0800
Served asset /left-side.css - 200 OK (2ms)


Started GET "/assets/application.js?body=1" for 127.0.0.1 at 2013-02-04 16:58:05 +0800
Served asset /application.js - 200 OK (0ms)


Started GET "/todos" for 127.0.0.1 at 2013-02-04 17:00:20 +0800
Processing by TodosController#index as HTML
  Rendered todos/index.html.erb within layouts/application (0.0ms)
Compiled left-side.css  (12ms)  (pid 18184)
Compiled application.css  (1ms)  (pid 18184)
  Rendered /mnt/soffolk/home/soffolk/work/mine/left_side/lib/left_side/cells/left_side/base.html.erb (1.1ms)
Completed 200 OK in 33ms (Views: 33.2ms | ActiveRecord: 0.0ms)


Started GET "/assets/application.css?body=1" for 127.0.0.1 at 2013-02-04 17:00:20 +0800
Served asset /application.css - 200 OK (2ms)


Started GET "/assets/left-side.css?body=1" for 127.0.0.1 at 2013-02-04 17:00:20 +0800
Served asset /left-side.css - 200 OK (1ms)


Started GET "/assets/application.js?body=1" for 127.0.0.1 at 2013-02-04 17:00:20 +0800
Served asset /application.js - 200 OK (0ms)


Started GET "/tasks" for 127.0.0.1 at 2013-02-04 17:00:23 +0800
Processing by TasksController#index as HTML
  Rendered tasks/index.html.erb within layouts/application (0.1ms)
  Rendered /mnt/soffolk/home/soffolk/work/mine/left_side/lib/left_side/cells/left_side/base.html.erb (1.3ms)
Completed 200 OK in 12ms (Views: 11.4ms | ActiveRecord: 0.0ms)


Started GET "/assets/application.css?body=1" for 127.0.0.1 at 2013-02-04 17:00:23 +0800
Served asset /application.css - 200 OK (0ms)


Started GET "/assets/left-side.css?body=1" for 127.0.0.1 at 2013-02-04 17:00:23 +0800
Served asset /left-side.css - 200 OK (0ms)


Started GET "/assets/application.js?body=1" for 127.0.0.1 at 2013-02-04 17:00:23 +0800
Served asset /application.js - 200 OK (0ms)


Started GET "/todos" for 127.0.0.1 at 2013-02-04 17:00:25 +0800
Processing by TodosController#index as HTML
  Rendered todos/index.html.erb within layouts/application (0.0ms)
  Rendered /mnt/soffolk/home/soffolk/work/mine/left_side/lib/left_side/cells/left_side/base.html.erb (1.0ms)
Completed 200 OK in 9ms (Views: 8.5ms | ActiveRecord: 0.0ms)


Started GET "/assets/application.css?body=1" for 127.0.0.1 at 2013-02-04 17:00:26 +0800
Served asset /application.css - 200 OK (0ms)


Started GET "/assets/left-side.css?body=1" for 127.0.0.1 at 2013-02-04 17:00:26 +0800
Served asset /left-side.css - 200 OK (0ms)


Started GET "/assets/application.js?body=1" for 127.0.0.1 at 2013-02-04 17:00:26 +0800
Served asset /application.js - 200 OK (0ms)


Started GET "/tasks" for 127.0.0.1 at 2013-02-04 17:00:26 +0800
Processing by TasksController#index as HTML
  Rendered tasks/index.html.erb within layouts/application (0.0ms)
  Rendered /mnt/soffolk/home/soffolk/work/mine/left_side/lib/left_side/cells/left_side/base.html.erb (1.2ms)
Completed 200 OK in 8ms (Views: 8.3ms | ActiveRecord: 0.0ms)


Started GET "/assets/application.css?body=1" for 127.0.0.1 at 2013-02-04 17:00:27 +0800
Served asset /application.css - 200 OK (0ms)


Started GET "/assets/application.js?body=1" for 127.0.0.1 at 2013-02-04 17:00:27 +0800
Served asset /application.js - 200 OK (0ms)


Started GET "/assets/left-side.css?body=1" for 127.0.0.1 at 2013-02-04 17:00:27 +0800
Served asset /left-side.css - 200 OK (0ms)


Started GET "/tasks" for 127.0.0.1 at 2013-02-04 17:02:20 +0800
Processing by TasksController#index as HTML
  Rendered tasks/index.html.erb within layouts/application (0.0ms)
Completed 500 Internal Server Error in 13ms

ActionView::Template::Error (Invalid CSS after "  }": expected selector or at-rule, was "}"
  (in /mnt/soffolk/home/soffolk/work/mine/left_side/lib/assets/stylesheets/left-side.css.scss)):
    2: <html>
    3:   <head>
    4:     <title>Dummy</title>
    5:     <%= stylesheet_link_tag    "application", :media => "all" %>
    6:     <%= javascript_include_tag "application" %>
    7:     <%= csrf_meta_tags %>
    8:   </head>
  app/views/layouts/application.html.erb:5:in `_app_views_layouts_application_html_erb__2562194527341183090_26988260'


  Rendered /home/soffolk/.rvm/gems/ruby-1.9.3-p327-falcon/gems/actionpack-3.2.11/lib/action_dispatch/middleware/templates/rescues/_trace.erb (1.2ms)
  Rendered /home/soffolk/.rvm/gems/ruby-1.9.3-p327-falcon/gems/actionpack-3.2.11/lib/action_dispatch/middleware/templates/rescues/_request_and_response.erb (0.7ms)
  Rendered /home/soffolk/.rvm/gems/ruby-1.9.3-p327-falcon/gems/actionpack-3.2.11/lib/action_dispatch/middleware/templates/rescues/template_error.erb within rescues/layout (5.5ms)


Started GET "/tasks" for 127.0.0.1 at 2013-02-04 17:02:39 +0800
Processing by TasksController#index as HTML
  Rendered tasks/index.html.erb within layouts/application (0.0ms)
Compiled left-side.css  (9ms)  (pid 18184)
Compiled application.css  (0ms)  (pid 18184)
  Rendered /mnt/soffolk/home/soffolk/work/mine/left_side/lib/left_side/cells/left_side/base.html.erb (1.2ms)
Completed 200 OK in 30ms (Views: 30.1ms | ActiveRecord: 0.0ms)


Started GET "/assets/application.css?body=1" for 127.0.0.1 at 2013-02-04 17:02:39 +0800
Served asset /application.css - 200 OK (5ms)


Started GET "/assets/application.js?body=1" for 127.0.0.1 at 2013-02-04 17:02:39 +0800
Served asset /application.js - 200 OK (0ms)


Started GET "/assets/left-side.css?body=1" for 127.0.0.1 at 2013-02-04 17:02:39 +0800
Served asset /left-side.css - 200 OK (1ms)


Started GET "/todos" for 127.0.0.1 at 2013-02-04 17:02:41 +0800
Processing by TodosController#index as HTML
  Rendered todos/index.html.erb within layouts/application (0.0ms)
  Rendered /mnt/soffolk/home/soffolk/work/mine/left_side/lib/left_side/cells/left_side/base.html.erb (1.0ms)
Completed 200 OK in 8ms (Views: 8.0ms | ActiveRecord: 0.0ms)


Started GET "/assets/application.css?body=1" for 127.0.0.1 at 2013-02-04 17:02:41 +0800
Served asset /application.css - 200 OK (3ms)


Started GET "/assets/left-side.css?body=1" for 127.0.0.1 at 2013-02-04 17:02:41 +0800
Served asset /left-side.css - 200 OK (0ms)


Started GET "/assets/application.js?body=1" for 127.0.0.1 at 2013-02-04 17:02:41 +0800
Served asset /application.js - 200 OK (0ms)


Started GET "/tasks" for 127.0.0.1 at 2013-02-04 17:02:42 +0800
Processing by TasksController#index as HTML
  Rendered tasks/index.html.erb within layouts/application (0.1ms)
  Rendered /mnt/soffolk/home/soffolk/work/mine/left_side/lib/left_side/cells/left_side/base.html.erb (1.4ms)
Completed 200 OK in 13ms (Views: 12.8ms | ActiveRecord: 0.0ms)


Started GET "/assets/application.css?body=1" for 127.0.0.1 at 2013-02-04 17:02:42 +0800
Served asset /application.css - 200 OK (0ms)


Started GET "/assets/application.js?body=1" for 127.0.0.1 at 2013-02-04 17:02:42 +0800
Served asset /application.js - 200 OK (2ms)


Started GET "/assets/left-side.css?body=1" for 127.0.0.1 at 2013-02-04 17:02:42 +0800
Served asset /left-side.css - 200 OK (0ms)


Started GET "/todos" for 127.0.0.1 at 2013-02-04 17:02:44 +0800
Processing by TodosController#index as HTML
  Rendered todos/index.html.erb within layouts/application (0.1ms)
  Rendered /mnt/soffolk/home/soffolk/work/mine/left_side/lib/left_side/cells/left_side/base.html.erb (1.0ms)
Completed 200 OK in 11ms (Views: 11.2ms | ActiveRecord: 0.0ms)


Started GET "/assets/left-side.css?body=1" for 127.0.0.1 at 2013-02-04 17:02:44 +0800
Served asset /left-side.css - 200 OK (0ms)


Started GET "/assets/application.js?body=1" for 127.0.0.1 at 2013-02-04 17:02:44 +0800
Served asset /application.js - 200 OK (0ms)


Started GET "/assets/application.css?body=1" for 127.0.0.1 at 2013-02-04 17:02:44 +0800
Served asset /application.css - 200 OK (0ms)


Started GET "/todos" for 127.0.0.1 at 2013-02-04 17:03:37 +0800
Processing by TodosController#index as HTML
  Rendered todos/index.html.erb within layouts/application (0.1ms)
Compiled left-side.css  (12ms)  (pid 18184)
Compiled application.css  (1ms)  (pid 18184)
  Rendered /mnt/soffolk/home/soffolk/work/mine/left_side/lib/left_side/cells/left_side/base.html.erb (1.0ms)
Completed 200 OK in 35ms (Views: 35.0ms | ActiveRecord: 0.0ms)


Started GET "/assets/application.js?body=1" for 127.0.0.1 at 2013-02-04 17:03:38 +0800
Served asset /application.js - 200 OK (0ms)


Started GET "/assets/application.css?body=1" for 127.0.0.1 at 2013-02-04 17:03:38 +0800
Served asset /application.css - 200 OK (2ms)


Started GET "/assets/left-side.css?body=1" for 127.0.0.1 at 2013-02-04 17:03:38 +0800
Served asset /left-side.css - 200 OK (2ms)


Started GET "/todos" for 127.0.0.1 at 2013-02-04 17:06:45 +0800
Processing by TodosController#index as HTML
  Rendered todos/index.html.erb within layouts/application (0.0ms)
Compiled left-side.css  (33ms)  (pid 18184)
Compiled application.css  (1ms)  (pid 18184)
  Rendered /mnt/soffolk/home/soffolk/work/mine/left_side/lib/left_side/cells/left_side/base.html.erb (1.0ms)
Completed 200 OK in 55ms (Views: 54.4ms | ActiveRecord: 0.0ms)


Started GET "/assets/application.css?body=1" for 127.0.0.1 at 2013-02-04 17:06:46 +0800
Served asset /application.css - 200 OK (6ms)


Started GET "/assets/left-side.css?body=1" for 127.0.0.1 at 2013-02-04 17:06:46 +0800
Served asset /left-side.css - 200 OK (1ms)


Started GET "/assets/application.js?body=1" for 127.0.0.1 at 2013-02-04 17:06:46 +0800
Served asset /application.js - 200 OK (0ms)


Started GET "/todos" for 127.0.0.1 at 2013-02-04 17:07:38 +0800
Processing by TodosController#index as HTML
  Rendered todos/index.html.erb within layouts/application (0.0ms)
Compiled left-side.css  (15ms)  (pid 18184)
Compiled application.css  (1ms)  (pid 18184)
  Rendered /mnt/soffolk/home/soffolk/work/mine/left_side/lib/left_side/cells/left_side/base.html.erb (1.1ms)
Completed 200 OK in 40ms (Views: 40.2ms | ActiveRecord: 0.0ms)


Started GET "/assets/application.css?body=1" for 127.0.0.1 at 2013-02-04 17:07:38 +0800
Served asset /application.css - 200 OK (4ms)


Started GET "/assets/left-side.css?body=1" for 127.0.0.1 at 2013-02-04 17:07:38 +0800
Served asset /left-side.css - 200 OK (1ms)


Started GET "/assets/application.js?body=1" for 127.0.0.1 at 2013-02-04 17:07:38 +0800
Served asset /application.js - 200 OK (0ms)


Started GET "/todos" for 127.0.0.1 at 2013-02-04 17:09:04 +0800
Processing by TodosController#index as HTML
  Rendered todos/index.html.erb within layouts/application (0.0ms)
Compiled left-side.css  (9ms)  (pid 18184)
Compiled application.css  (1ms)  (pid 18184)
  Rendered /mnt/soffolk/home/soffolk/work/mine/left_side/lib/left_side/cells/left_side/base.html.erb (1.0ms)
Completed 200 OK in 30ms (Views: 29.6ms | ActiveRecord: 0.0ms)


Started GET "/assets/left-side.css?body=1" for 127.0.0.1 at 2013-02-04 17:09:04 +0800
Served asset /left-side.css - 200 OK (2ms)


Started GET "/assets/application.css?body=1" for 127.0.0.1 at 2013-02-04 17:09:04 +0800
Served asset /application.css - 200 OK (2ms)


Started GET "/assets/application.js?body=1" for 127.0.0.1 at 2013-02-04 17:09:04 +0800
Served asset /application.js - 200 OK (0ms)


Started GET "/tasks" for 127.0.0.1 at 2013-02-04 17:09:07 +0800
Processing by TasksController#index as HTML
  Rendered tasks/index.html.erb within layouts/application (0.1ms)
  Rendered /mnt/soffolk/home/soffolk/work/mine/left_side/lib/left_side/cells/left_side/base.html.erb (1.2ms)
Completed 200 OK in 11ms (Views: 10.6ms | ActiveRecord: 0.0ms)


Started GET "/assets/application.css?body=1" for 127.0.0.1 at 2013-02-04 17:09:08 +0800
Served asset /application.css - 200 OK (0ms)


Started GET "/assets/application.js?body=1" for 127.0.0.1 at 2013-02-04 17:09:08 +0800
Served asset /application.js - 200 OK (3ms)


Started GET "/assets/left-side.css?body=1" for 127.0.0.1 at 2013-02-04 17:09:08 +0800
Served asset /left-side.css - 200 OK (0ms)


Started GET "/todos" for 127.0.0.1 at 2013-02-04 17:09:09 +0800
Processing by TodosController#index as HTML
  Rendered todos/index.html.erb within layouts/application (0.1ms)
  Rendered /mnt/soffolk/home/soffolk/work/mine/left_side/lib/left_side/cells/left_side/base.html.erb (1.0ms)
Completed 200 OK in 11ms (Views: 10.7ms | ActiveRecord: 0.0ms)


Started GET "/assets/application.css?body=1" for 127.0.0.1 at 2013-02-04 17:09:09 +0800
Served asset /application.css - 200 OK (0ms)


Started GET "/assets/application.js?body=1" for 127.0.0.1 at 2013-02-04 17:09:09 +0800
Served asset /application.js - 200 OK (0ms)


Started GET "/assets/left-side.css?body=1" for 127.0.0.1 at 2013-02-04 17:09:09 +0800
Served asset /left-side.css - 200 OK (0ms)


Started GET "/todos" for 127.0.0.1 at 2013-02-04 17:11:52 +0800
Processing by TodosController#index as HTML
  Rendered todos/index.html.erb within layouts/application (0.0ms)
Compiled left-side.css  (13ms)  (pid 18184)
Compiled application.css  (1ms)  (pid 18184)
  Rendered /mnt/soffolk/home/soffolk/work/mine/left_side/lib/left_side/cells/left_side/base.html.erb (1.1ms)
Completed 200 OK in 33ms (Views: 33.3ms | ActiveRecord: 0.0ms)


Started GET "/assets/left-side.css?body=1" for 127.0.0.1 at 2013-02-04 17:11:52 +0800
Served asset /left-side.css - 200 OK (3ms)


Started GET "/assets/application.css?body=1" for 127.0.0.1 at 2013-02-04 17:11:52 +0800
Served asset /application.css - 200 OK (4ms)


Started GET "/assets/application.js?body=1" for 127.0.0.1 at 2013-02-04 17:11:52 +0800
Served asset /application.js - 200 OK (0ms)


Started GET "/tasks" for 127.0.0.1 at 2013-02-04 17:11:53 +0800
Processing by TasksController#index as HTML
  Rendered tasks/index.html.erb within layouts/application (0.1ms)
  Rendered /mnt/soffolk/home/soffolk/work/mine/left_side/lib/left_side/cells/left_side/base.html.erb (1.2ms)
Completed 200 OK in 10ms (Views: 9.7ms | ActiveRecord: 0.0ms)


Started GET "/assets/application.css?body=1" for 127.0.0.1 at 2013-02-04 17:11:53 +0800
Served asset /application.css - 200 OK (0ms)


Started GET "/assets/application.js?body=1" for 127.0.0.1 at 2013-02-04 17:11:53 +0800
Served asset /application.js - 200 OK (2ms)


Started GET "/assets/left-side.css?body=1" for 127.0.0.1 at 2013-02-04 17:11:53 +0800
Served asset /left-side.css - 200 OK (0ms)


Started GET "/todos" for 127.0.0.1 at 2013-02-04 17:11:54 +0800
Processing by TodosController#index as HTML
  Rendered todos/index.html.erb within layouts/application (0.0ms)
  Rendered /mnt/soffolk/home/soffolk/work/mine/left_side/lib/left_side/cells/left_side/base.html.erb (1.0ms)
Completed 200 OK in 8ms (Views: 7.7ms | ActiveRecord: 0.0ms)


Started GET "/assets/left-side.css?body=1" for 127.0.0.1 at 2013-02-04 17:11:55 +0800
Served asset /left-side.css - 200 OK (0ms)


Started GET "/assets/application.css?body=1" for 127.0.0.1 at 2013-02-04 17:11:55 +0800
Served asset /application.css - 200 OK (1ms)


Started GET "/assets/application.js?body=1" for 127.0.0.1 at 2013-02-04 17:11:55 +0800
Served asset /application.js - 200 OK (0ms)


Started GET "/todos" for 127.0.0.1 at 2013-02-04 17:12:28 +0800
Processing by TodosController#index as HTML
  Rendered todos/index.html.erb within layouts/application (0.0ms)
Compiled left-side.css  (10ms)  (pid 18184)
Compiled application.css  (1ms)  (pid 18184)
  Rendered /mnt/soffolk/home/soffolk/work/mine/left_side/lib/left_side/cells/left_side/base.html.erb (1.1ms)
Completed 200 OK in 72ms (Views: 72.2ms | ActiveRecord: 0.0ms)


Started GET "/assets/left-side.css?body=1" for 127.0.0.1 at 2013-02-04 17:12:28 +0800
Served asset /left-side.css - 200 OK (3ms)


Started GET "/assets/application.css?body=1" for 127.0.0.1 at 2013-02-04 17:12:28 +0800
Served asset /application.css - 200 OK (2ms)


Started GET "/assets/application.js?body=1" for 127.0.0.1 at 2013-02-04 17:12:28 +0800
Served asset /application.js - 200 OK (0ms)


Started GET "/tasks" for 127.0.0.1 at 2013-02-04 17:12:29 +0800
Processing by TasksController#index as HTML
  Rendered tasks/index.html.erb within layouts/application (0.1ms)
  Rendered /mnt/soffolk/home/soffolk/work/mine/left_side/lib/left_side/cells/left_side/base.html.erb (1.2ms)
Completed 200 OK in 12ms (Views: 11.4ms | ActiveRecord: 0.0ms)


Started GET "/assets/application.css?body=1" for 127.0.0.1 at 2013-02-04 17:12:29 +0800
Served asset /application.css - 200 OK (1ms)


Started GET "/assets/left-side.css?body=1" for 127.0.0.1 at 2013-02-04 17:12:29 +0800
Served asset /left-side.css - 200 OK (0ms)


Started GET "/assets/application.js?body=1" for 127.0.0.1 at 2013-02-04 17:12:29 +0800
Served asset /application.js - 200 OK (0ms)


Started GET "/todos" for 127.0.0.1 at 2013-02-04 17:12:30 +0800
Processing by TodosController#index as HTML
  Rendered todos/index.html.erb within layouts/application (0.0ms)
  Rendered /mnt/soffolk/home/soffolk/work/mine/left_side/lib/left_side/cells/left_side/base.html.erb (1.3ms)
Completed 200 OK in 9ms (Views: 8.8ms | ActiveRecord: 0.0ms)


Started GET "/assets/application.css?body=1" for 127.0.0.1 at 2013-02-04 17:12:30 +0800
Served asset /application.css - 200 OK (2ms)


Started GET "/assets/application.js?body=1" for 127.0.0.1 at 2013-02-04 17:12:30 +0800
Served asset /application.js - 200 OK (0ms)


Started GET "/assets/left-side.css?body=1" for 127.0.0.1 at 2013-02-04 17:12:30 +0800
Served asset /left-side.css - 200 OK (0ms)


Started GET "/tasks" for 127.0.0.1 at 2013-02-04 17:12:32 +0800
Processing by TasksController#index as HTML
  Rendered tasks/index.html.erb within layouts/application (0.1ms)
  Rendered /mnt/soffolk/home/soffolk/work/mine/left_side/lib/left_side/cells/left_side/base.html.erb (1.8ms)
Completed 200 OK in 12ms (Views: 11.7ms | ActiveRecord: 0.0ms)


Started GET "/assets/application.css?body=1" for 127.0.0.1 at 2013-02-04 17:12:32 +0800
Served asset /application.css - 200 OK (0ms)


Started GET "/assets/application.js?body=1" for 127.0.0.1 at 2013-02-04 17:12:32 +0800
Served asset /application.js - 200 OK (0ms)


Started GET "/assets/left-side.css?body=1" for 127.0.0.1 at 2013-02-04 17:12:32 +0800
Served asset /left-side.css - 200 OK (0ms)


Started GET "/tasks" for 127.0.0.1 at 2013-02-04 17:12:56 +0800
Processing by TasksController#index as HTML
  Rendered tasks/index.html.erb within layouts/application (0.0ms)
Compiled left-side.css  (16ms)  (pid 18184)
Compiled application.css  (1ms)  (pid 18184)
  Rendered /mnt/soffolk/home/soffolk/work/mine/left_side/lib/left_side/cells/left_side/base.html.erb (1.2ms)
Completed 200 OK in 39ms (Views: 38.6ms | ActiveRecord: 0.0ms)


Started GET "/assets/application.js?body=1" for 127.0.0.1 at 2013-02-04 17:12:57 +0800
Served asset /application.js - 200 OK (0ms)


Started GET "/assets/application.css?body=1" for 127.0.0.1 at 2013-02-04 17:12:57 +0800
Served asset /application.css - 200 OK (3ms)


Started GET "/assets/left-side.css?body=1" for 127.0.0.1 at 2013-02-04 17:12:57 +0800
Served asset /left-side.css - 200 OK (2ms)


Started GET "/todos" for 127.0.0.1 at 2013-02-04 17:12:58 +0800
Processing by TodosController#index as HTML
  Rendered todos/index.html.erb within layouts/application (0.0ms)
  Rendered /mnt/soffolk/home/soffolk/work/mine/left_side/lib/left_side/cells/left_side/base.html.erb (1.1ms)
Completed 200 OK in 9ms (Views: 8.5ms | ActiveRecord: 0.0ms)


Started GET "/assets/application.css?body=1" for 127.0.0.1 at 2013-02-04 17:12:58 +0800
Served asset /application.css - 200 OK (3ms)


Started GET "/assets/left-side.css?body=1" for 127.0.0.1 at 2013-02-04 17:12:58 +0800
Served asset /left-side.css - 200 OK (0ms)


Started GET "/assets/application.js?body=1" for 127.0.0.1 at 2013-02-04 17:12:58 +0800
Served asset /application.js - 200 OK (0ms)


Started GET "/tasks" for 127.0.0.1 at 2013-02-04 17:12:58 +0800
Processing by TasksController#index as HTML
  Rendered tasks/index.html.erb within layouts/application (0.0ms)
  Rendered /mnt/soffolk/home/soffolk/work/mine/left_side/lib/left_side/cells/left_side/base.html.erb (1.2ms)
Completed 200 OK in 8ms (Views: 8.0ms | ActiveRecord: 0.0ms)


Started GET "/assets/application.css?body=1" for 127.0.0.1 at 2013-02-04 17:12:59 +0800
Served asset /application.css - 200 OK (0ms)


Started GET "/assets/left-side.css?body=1" for 127.0.0.1 at 2013-02-04 17:12:59 +0800
Served asset /left-side.css - 200 OK (0ms)


Started GET "/assets/application.js?body=1" for 127.0.0.1 at 2013-02-04 17:12:59 +0800
Served asset /application.js - 200 OK (0ms)


Started GET "/todos" for 127.0.0.1 at 2013-02-04 17:12:59 +0800
Processing by TodosController#index as HTML
  Rendered todos/index.html.erb within layouts/application (0.0ms)
  Rendered /mnt/soffolk/home/soffolk/work/mine/left_side/lib/left_side/cells/left_side/base.html.erb (1.1ms)
Completed 200 OK in 10ms (Views: 9.3ms | ActiveRecord: 0.0ms)


Started GET "/assets/application.css?body=1" for 127.0.0.1 at 2013-02-04 17:12:59 +0800
Served asset /application.css - 200 OK (2ms)


Started GET "/assets/application.js?body=1" for 127.0.0.1 at 2013-02-04 17:12:59 +0800
Served asset /application.js - 200 OK (0ms)


Started GET "/assets/left-side.css?body=1" for 127.0.0.1 at 2013-02-04 17:12:59 +0800
Served asset /left-side.css - 200 OK (0ms)


Started GET "/todos" for 127.0.0.1 at 2013-02-04 17:13:11 +0800
Processing by TodosController#index as HTML
  Rendered todos/index.html.erb within layouts/application (0.0ms)
  Rendered /mnt/soffolk/home/soffolk/work/mine/left_side/lib/left_side/cells/left_side/base.html.erb (1.1ms)
Completed 200 OK in 10ms (Views: 10.2ms | ActiveRecord: 0.0ms)


Started GET "/assets/application.css?body=1" for 127.0.0.1 at 2013-02-04 17:13:11 +0800
Served asset /application.css - 200 OK (0ms)


Started GET "/assets/left-side.css?body=1" for 127.0.0.1 at 2013-02-04 17:13:11 +0800
Served asset /left-side.css - 200 OK (0ms)


Started GET "/assets/application.js?body=1" for 127.0.0.1 at 2013-02-04 17:13:11 +0800
Served asset /application.js - 200 OK (0ms)


Started GET "/tasks" for 127.0.0.1 at 2013-02-04 17:13:12 +0800
Processing by TasksController#index as HTML
  Rendered tasks/index.html.erb within layouts/application (0.0ms)
  Rendered /mnt/soffolk/home/soffolk/work/mine/left_side/lib/left_side/cells/left_side/base.html.erb (1.4ms)
Completed 200 OK in 9ms (Views: 8.6ms | ActiveRecord: 0.0ms)


Started GET "/assets/application.css?body=1" for 127.0.0.1 at 2013-02-04 17:13:12 +0800
Served asset /application.css - 200 OK (0ms)


Started GET "/assets/application.js?body=1" for 127.0.0.1 at 2013-02-04 17:13:12 +0800
Served asset /application.js - 200 OK (0ms)


Started GET "/assets/left-side.css?body=1" for 127.0.0.1 at 2013-02-04 17:13:12 +0800
Served asset /left-side.css - 200 OK (0ms)


Started GET "/todos" for 127.0.0.1 at 2013-02-04 17:13:13 +0800
Processing by TodosController#index as HTML
  Rendered todos/index.html.erb within layouts/application (0.1ms)
  Rendered /mnt/soffolk/home/soffolk/work/mine/left_side/lib/left_side/cells/left_side/base.html.erb (1.0ms)
Completed 200 OK in 9ms (Views: 8.4ms | ActiveRecord: 0.0ms)


Started GET "/assets/application.css?body=1" for 127.0.0.1 at 2013-02-04 17:13:13 +0800
Served asset /application.css - 200 OK (2ms)


Started GET "/assets/left-side.css?body=1" for 127.0.0.1 at 2013-02-04 17:13:13 +0800
Served asset /left-side.css - 200 OK (0ms)


Started GET "/assets/application.js?body=1" for 127.0.0.1 at 2013-02-04 17:13:13 +0800
Served asset /application.js - 200 OK (0ms)


Started GET "/tasks" for 127.0.0.1 at 2013-02-04 17:13:13 +0800
Processing by TasksController#index as HTML
  Rendered tasks/index.html.erb within layouts/application (0.0ms)
  Rendered /mnt/soffolk/home/soffolk/work/mine/left_side/lib/left_side/cells/left_side/base.html.erb (1.4ms)
Completed 200 OK in 10ms (Views: 10.0ms | ActiveRecord: 0.0ms)


Started GET "/assets/application.css?body=1" for 127.0.0.1 at 2013-02-04 17:13:14 +0800
Served asset /application.css - 200 OK (0ms)


Started GET "/assets/application.js?body=1" for 127.0.0.1 at 2013-02-04 17:13:14 +0800
Served asset /application.js - 200 OK (0ms)


Started GET "/assets/left-side.css?body=1" for 127.0.0.1 at 2013-02-04 17:13:14 +0800
Served asset /left-side.css - 200 OK (0ms)


Started GET "/todos" for 127.0.0.1 at 2013-02-04 17:13:14 +0800
Processing by TodosController#index as HTML
  Rendered todos/index.html.erb within layouts/application (0.0ms)
  Rendered /mnt/soffolk/home/soffolk/work/mine/left_side/lib/left_side/cells/left_side/base.html.erb (1.1ms)
Completed 200 OK in 10ms (Views: 10.3ms | ActiveRecord: 0.0ms)


Started GET "/assets/left-side.css?body=1" for 127.0.0.1 at 2013-02-04 17:13:14 +0800
Served asset /left-side.css - 200 OK (0ms)


Started GET "/assets/application.css?body=1" for 127.0.0.1 at 2013-02-04 17:13:14 +0800
Served asset /application.css - 200 OK (0ms)


Started GET "/assets/application.js?body=1" for 127.0.0.1 at 2013-02-04 17:13:14 +0800
Served asset /application.js - 200 OK (0ms)


Started GET "/todos" for 127.0.0.1 at 2013-02-04 17:13:36 +0800
Connecting to database specified by database.yml
Processing by TodosController#index as HTML
  Rendered todos/index.html.erb within layouts/application (0.6ms)
  Rendered /mnt/soffolk/home/soffolk/work/mine/left_side/lib/left_side/cells/left_side/base.html.erb (1.2ms)
Completed 200 OK in 26ms (Views: 26.2ms | ActiveRecord: 0.0ms)


Started GET "/assets/application.css?body=1" for 127.0.0.1 at 2013-02-04 17:13:37 +0800
Served asset /application.css - 200 OK (3ms)


Started GET "/assets/left-side.css?body=1" for 127.0.0.1 at 2013-02-04 17:13:37 +0800
Served asset /left-side.css - 200 OK (1ms)


Started GET "/assets/application.js?body=1" for 127.0.0.1 at 2013-02-04 17:13:37 +0800
Served asset /application.js - 200 OK (1ms)


Started GET "/todos" for 127.0.0.1 at 2013-02-04 17:13:37 +0800
Processing by TodosController#index as HTML
  Rendered todos/index.html.erb within layouts/application (0.0ms)
  Rendered /mnt/soffolk/home/soffolk/work/mine/left_side/lib/left_side/cells/left_side/base.html.erb (1.1ms)
Completed 200 OK in 11ms (Views: 10.5ms | ActiveRecord: 0.0ms)


Started GET "/assets/left-side.css?body=1" for 127.0.0.1 at 2013-02-04 17:13:38 +0800
Served asset /left-side.css - 200 OK (0ms)


Started GET "/assets/application.css?body=1" for 127.0.0.1 at 2013-02-04 17:13:38 +0800
Served asset /application.css - 200 OK (0ms)


Started GET "/assets/application.js?body=1" for 127.0.0.1 at 2013-02-04 17:13:38 +0800
Served asset /application.js - 200 OK (0ms)


Started GET "/todos" for 127.0.0.1 at 2013-02-04 17:13:38 +0800
Processing by TodosController#index as HTML
  Rendered todos/index.html.erb within layouts/application (0.0ms)
  Rendered /mnt/soffolk/home/soffolk/work/mine/left_side/lib/left_side/cells/left_side/base.html.erb (1.5ms)
Completed 200 OK in 15ms (Views: 15.1ms | ActiveRecord: 0.0ms)


Started GET "/assets/application.css?body=1" for 127.0.0.1 at 2013-02-04 17:13:38 +0800
Served asset /application.css - 200 OK (2ms)


Started GET "/assets/left-side.css?body=1" for 127.0.0.1 at 2013-02-04 17:13:38 +0800
Served asset /left-side.css - 200 OK (0ms)


Started GET "/assets/application.js?body=1" for 127.0.0.1 at 2013-02-04 17:13:38 +0800
Served asset /application.js - 200 OK (0ms)


Started GET "/tasks" for 127.0.0.1 at 2013-02-04 17:13:40 +0800
Processing by TasksController#index as HTML
  Rendered tasks/index.html.erb within layouts/application (0.2ms)
  Rendered /mnt/soffolk/home/soffolk/work/mine/left_side/lib/left_side/cells/left_side/base.html.erb (1.3ms)
Completed 200 OK in 10ms (Views: 10.1ms | ActiveRecord: 0.0ms)


Started GET "/assets/application.css?body=1" for 127.0.0.1 at 2013-02-04 17:13:40 +0800
Served asset /application.css - 200 OK (0ms)


Started GET "/assets/left-side.css?body=1" for 127.0.0.1 at 2013-02-04 17:13:40 +0800
Served asset /left-side.css - 200 OK (0ms)


Started GET "/assets/application.js?body=1" for 127.0.0.1 at 2013-02-04 17:13:40 +0800
Served asset /application.js - 200 OK (0ms)


Started GET "/todos" for 127.0.0.1 at 2013-02-04 17:13:41 +0800
Processing by TodosController#index as HTML
  Rendered todos/index.html.erb within layouts/application (0.0ms)
  Rendered /mnt/soffolk/home/soffolk/work/mine/left_side/lib/left_side/cells/left_side/base.html.erb (1.1ms)
Completed 200 OK in 8ms (Views: 8.3ms | ActiveRecord: 0.0ms)


Started GET "/assets/application.css?body=1" for 127.0.0.1 at 2013-02-04 17:13:41 +0800
Served asset /application.css - 200 OK (0ms)


Started GET "/assets/left-side.css?body=1" for 127.0.0.1 at 2013-02-04 17:13:41 +0800
Served asset /left-side.css - 200 OK (0ms)


Started GET "/assets/application.js?body=1" for 127.0.0.1 at 2013-02-04 17:13:41 +0800
Served asset /application.js - 200 OK (0ms)


Started GET "/tasks" for 127.0.0.1 at 2013-02-04 17:13:42 +0800
Processing by TasksController#index as HTML
  Rendered tasks/index.html.erb within layouts/application (0.0ms)
  Rendered /mnt/soffolk/home/soffolk/work/mine/left_side/lib/left_side/cells/left_side/base.html.erb (2.0ms)
Completed 200 OK in 13ms (Views: 13.1ms | ActiveRecord: 0.0ms)


Started GET "/assets/application.css?body=1" for 127.0.0.1 at 2013-02-04 17:13:42 +0800
Served asset /application.css - 200 OK (2ms)


Started GET "/assets/left-side.css?body=1" for 127.0.0.1 at 2013-02-04 17:13:42 +0800
Served asset /left-side.css - 200 OK (0ms)


Started GET "/assets/application.js?body=1" for 127.0.0.1 at 2013-02-04 17:13:42 +0800
Served asset /application.js - 200 OK (0ms)


Started GET "/todos" for 127.0.0.1 at 2013-02-04 17:13:43 +0800
Processing by TodosController#index as HTML
  Rendered todos/index.html.erb within layouts/application (0.0ms)
  Rendered /mnt/soffolk/home/soffolk/work/mine/left_side/lib/left_side/cells/left_side/base.html.erb (1.1ms)
Completed 200 OK in 9ms (Views: 8.5ms | ActiveRecord: 0.0ms)


Started GET "/assets/application.css?body=1" for 127.0.0.1 at 2013-02-04 17:13:44 +0800
Served asset /application.css - 200 OK (0ms)


Started GET "/assets/application.js?body=1" for 127.0.0.1 at 2013-02-04 17:13:44 +0800
Served asset /application.js - 200 OK (0ms)


Started GET "/assets/left-side.css?body=1" for 127.0.0.1 at 2013-02-04 17:13:44 +0800
Served asset /left-side.css - 200 OK (0ms)


Started GET "/todos" for 127.0.0.1 at 2013-02-04 17:14:20 +0800
Processing by TodosController#index as HTML
  Rendered todos/index.html.erb within layouts/application (0.0ms)
Compiled left-side.css  (49ms)  (pid 19226)
Compiled application.css  (1ms)  (pid 19226)
  Rendered /mnt/soffolk/home/soffolk/work/mine/left_side/lib/left_side/cells/left_side/base.html.erb (1.1ms)
Completed 200 OK in 71ms (Views: 71.1ms | ActiveRecord: 0.0ms)


Started GET "/assets/application.js?body=1" for 127.0.0.1 at 2013-02-04 17:14:20 +0800
Served asset /application.js - 200 OK (0ms)


Started GET "/assets/application.css?body=1" for 127.0.0.1 at 2013-02-04 17:14:20 +0800
Served asset /application.css - 200 OK (3ms)


Started GET "/assets/left-side.css?body=1" for 127.0.0.1 at 2013-02-04 17:14:20 +0800
Served asset /left-side.css - 200 OK (2ms)


Started GET "/todos" for 127.0.0.1 at 2013-02-04 17:14:28 +0800
Processing by TodosController#index as HTML
  Rendered todos/index.html.erb within layouts/application (0.0ms)
Compiled left-side.css  (10ms)  (pid 19226)
Compiled application.css  (1ms)  (pid 19226)
  Rendered /mnt/soffolk/home/soffolk/work/mine/left_side/lib/left_side/cells/left_side/base.html.erb (23.6ms)
Completed 200 OK in 57ms (Views: 56.6ms | ActiveRecord: 0.0ms)


Started GET "/assets/application.css?body=1" for 127.0.0.1 at 2013-02-04 17:14:29 +0800
Served asset /application.css - 200 OK (4ms)


Started GET "/assets/left-side.css?body=1" for 127.0.0.1 at 2013-02-04 17:14:29 +0800
Served asset /left-side.css - 200 OK (2ms)


Started GET "/assets/application.js?body=1" for 127.0.0.1 at 2013-02-04 17:14:29 +0800
Served asset /application.js - 200 OK (0ms)


Started GET "/todos" for 127.0.0.1 at 2013-02-04 17:14:29 +0800
Processing by TodosController#index as HTML
  Rendered todos/index.html.erb within layouts/application (0.0ms)
  Rendered /mnt/soffolk/home/soffolk/work/mine/left_side/lib/left_side/cells/left_side/base.html.erb (1.7ms)
Completed 200 OK in 14ms (Views: 13.5ms | ActiveRecord: 0.0ms)


Started GET "/assets/left-side.css?body=1" for 127.0.0.1 at 2013-02-04 17:14:29 +0800
Served asset /left-side.css - 200 OK (0ms)


Started GET "/assets/application.js?body=1" for 127.0.0.1 at 2013-02-04 17:14:29 +0800
Served asset /application.js - 200 OK (0ms)


Started GET "/assets/application.css?body=1" for 127.0.0.1 at 2013-02-04 17:14:29 +0800
Served asset /application.css - 200 OK (0ms)


Started GET "/tasks" for 127.0.0.1 at 2013-02-04 17:14:32 +0800
Processing by TasksController#index as HTML
  Rendered tasks/index.html.erb within layouts/application (0.0ms)
  Rendered /mnt/soffolk/home/soffolk/work/mine/left_side/lib/left_side/cells/left_side/base.html.erb (2.0ms)
Completed 200 OK in 14ms (Views: 13.7ms | ActiveRecord: 0.0ms)


Started GET "/assets/application.css?body=1" for 127.0.0.1 at 2013-02-04 17:14:32 +0800
Served asset /application.css - 200 OK (0ms)


Started GET "/assets/left-side.css?body=1" for 127.0.0.1 at 2013-02-04 17:14:32 +0800
Served asset /left-side.css - 200 OK (0ms)


Started GET "/assets/application.js?body=1" for 127.0.0.1 at 2013-02-04 17:14:32 +0800
Served asset /application.js - 200 OK (0ms)


Started GET "/tasks" for 127.0.0.1 at 2013-02-04 17:15:06 +0800
Processing by TasksController#index as HTML
  Rendered tasks/index.html.erb within layouts/application (0.0ms)
Compiled left-side.css  (17ms)  (pid 19226)
Compiled application.css  (1ms)  (pid 19226)
  Rendered /mnt/soffolk/home/soffolk/work/mine/left_side/lib/left_side/cells/left_side/base.html.erb (1.3ms)
Completed 200 OK in 38ms (Views: 37.9ms | ActiveRecord: 0.0ms)


Started GET "/assets/application.css?body=1" for 127.0.0.1 at 2013-02-04 17:15:06 +0800
Served asset /application.css - 200 OK (3ms)


Started GET "/assets/application.js?body=1" for 127.0.0.1 at 2013-02-04 17:15:06 +0800
Served asset /application.js - 200 OK (2ms)


Started GET "/assets/left-side.css?body=1" for 127.0.0.1 at 2013-02-04 17:15:06 +0800
Served asset /left-side.css - 200 OK (1ms)


Started GET "/tasks" for 127.0.0.1 at 2013-02-04 17:16:11 +0800
Processing by TasksController#index as HTML
  Rendered tasks/index.html.erb within layouts/application (0.0ms)
Compiled left-side.css  (17ms)  (pid 19226)
Compiled application.css  (1ms)  (pid 19226)
  Rendered /mnt/soffolk/home/soffolk/work/mine/left_side/lib/left_side/cells/left_side/base.html.erb (2.2ms)
Completed 200 OK in 48ms (Views: 47.5ms | ActiveRecord: 0.0ms)


Started GET "/assets/left-side.css?body=1" for 127.0.0.1 at 2013-02-04 17:16:11 +0800
Served asset /left-side.css - 200 OK (2ms)


Started GET "/assets/application.css?body=1" for 127.0.0.1 at 2013-02-04 17:16:11 +0800
Served asset /application.css - 200 OK (3ms)


Started GET "/assets/application.js?body=1" for 127.0.0.1 at 2013-02-04 17:16:11 +0800
Served asset /application.js - 200 OK (0ms)


Started GET "/todos" for 127.0.0.1 at 2013-02-04 17:16:12 +0800
Processing by TodosController#index as HTML
  Rendered todos/index.html.erb within layouts/application (0.0ms)
  Rendered /mnt/soffolk/home/soffolk/work/mine/left_side/lib/left_side/cells/left_side/base.html.erb (1.2ms)
Completed 200 OK in 9ms (Views: 8.9ms | ActiveRecord: 0.0ms)


Started GET "/assets/application.css?body=1" for 127.0.0.1 at 2013-02-04 17:16:12 +0800
Served asset /application.css - 200 OK (0ms)


Started GET "/assets/application.js?body=1" for 127.0.0.1 at 2013-02-04 17:16:12 +0800
Served asset /application.js - 200 OK (0ms)


Started GET "/assets/left-side.css?body=1" for 127.0.0.1 at 2013-02-04 17:16:12 +0800
Served asset /left-side.css - 200 OK (0ms)


Started GET "/tasks" for 127.0.0.1 at 2013-02-04 17:16:13 +0800
Processing by TasksController#index as HTML
  Rendered tasks/index.html.erb within layouts/application (0.0ms)
  Rendered /mnt/soffolk/home/soffolk/work/mine/left_side/lib/left_side/cells/left_side/base.html.erb (1.3ms)
Completed 200 OK in 9ms (Views: 8.6ms | ActiveRecord: 0.0ms)


Started GET "/assets/application.css?body=1" for 127.0.0.1 at 2013-02-04 17:16:14 +0800
Served asset /application.css - 200 OK (1ms)


Started GET "/assets/left-side.css?body=1" for 127.0.0.1 at 2013-02-04 17:16:14 +0800
Served asset /left-side.css - 200 OK (0ms)


Started GET "/assets/application.js?body=1" for 127.0.0.1 at 2013-02-04 17:16:14 +0800
Served asset /application.js - 200 OK (0ms)


Started GET "/todos" for 127.0.0.1 at 2013-02-04 17:16:15 +0800
Processing by TodosController#index as HTML
  Rendered todos/index.html.erb within layouts/application (0.0ms)
  Rendered /mnt/soffolk/home/soffolk/work/mine/left_side/lib/left_side/cells/left_side/base.html.erb (1.1ms)
Completed 200 OK in 9ms (Views: 8.5ms | ActiveRecord: 0.0ms)


Started GET "/assets/application.css?body=1" for 127.0.0.1 at 2013-02-04 17:16:15 +0800
Served asset /application.css - 200 OK (0ms)


Started GET "/assets/application.js?body=1" for 127.0.0.1 at 2013-02-04 17:16:15 +0800
Served asset /application.js - 200 OK (0ms)


Started GET "/assets/left-side.css?body=1" for 127.0.0.1 at 2013-02-04 17:16:15 +0800
Served asset /left-side.css - 200 OK (0ms)


Started GET "/todos" for 127.0.0.1 at 2013-02-04 17:16:57 +0800
Processing by TodosController#index as HTML
  Rendered todos/index.html.erb within layouts/application (0.0ms)
Compiled left-side.css  (12ms)  (pid 19226)
Compiled application.css  (1ms)  (pid 19226)
  Rendered /mnt/soffolk/home/soffolk/work/mine/left_side/lib/left_side/cells/left_side/base.html.erb (1.1ms)
Completed 200 OK in 32ms (Views: 31.4ms | ActiveRecord: 0.0ms)


Started GET "/assets/left-side.css?body=1" for 127.0.0.1 at 2013-02-04 17:16:57 +0800
Served asset /left-side.css - 200 OK (2ms)


Started GET "/assets/application.css?body=1" for 127.0.0.1 at 2013-02-04 17:16:57 +0800
Served asset /application.css - 200 OK (3ms)


Started GET "/assets/application.js?body=1" for 127.0.0.1 at 2013-02-04 17:16:57 +0800
Served asset /application.js - 200 OK (0ms)


Started GET "/tasks" for 127.0.0.1 at 2013-02-04 17:16:59 +0800
Processing by TasksController#index as HTML
  Rendered tasks/index.html.erb within layouts/application (0.0ms)
  Rendered /mnt/soffolk/home/soffolk/work/mine/left_side/lib/left_side/cells/left_side/base.html.erb (2.0ms)
Completed 200 OK in 10ms (Views: 9.8ms | ActiveRecord: 0.0ms)


Started GET "/assets/application.css?body=1" for 127.0.0.1 at 2013-02-04 17:17:00 +0800
Served asset /application.css - 200 OK (0ms)


Started GET "/assets/left-side.css?body=1" for 127.0.0.1 at 2013-02-04 17:17:00 +0800
Served asset /left-side.css - 200 OK (0ms)


Started GET "/assets/application.js?body=1" for 127.0.0.1 at 2013-02-04 17:17:00 +0800
Served asset /application.js - 200 OK (0ms)


Started GET "/todos" for 127.0.0.1 at 2013-02-04 17:17:01 +0800
Processing by TodosController#index as HTML
  Rendered todos/index.html.erb within layouts/application (0.0ms)
  Rendered /mnt/soffolk/home/soffolk/work/mine/left_side/lib/left_side/cells/left_side/base.html.erb (1.0ms)
Completed 200 OK in 8ms (Views: 8.3ms | ActiveRecord: 0.0ms)


Started GET "/assets/application.css?body=1" for 127.0.0.1 at 2013-02-04 17:17:01 +0800
Served asset /application.css - 200 OK (1ms)


Started GET "/assets/left-side.css?body=1" for 127.0.0.1 at 2013-02-04 17:17:01 +0800
Served asset /left-side.css - 200 OK (0ms)


Started GET "/assets/application.js?body=1" for 127.0.0.1 at 2013-02-04 17:17:01 +0800
Served asset /application.js - 200 OK (0ms)


Started GET "/todos" for 127.0.0.1 at 2013-02-04 17:18:25 +0800
Processing by TodosController#index as HTML
  Rendered todos/index.html.erb within layouts/application (0.0ms)
Compiled left-side.css  (9ms)  (pid 19226)
Compiled application.css  (1ms)  (pid 19226)
  Rendered /mnt/soffolk/home/soffolk/work/mine/left_side/lib/left_side/cells/left_side/base.html.erb (1.0ms)
Completed 200 OK in 30ms (Views: 29.5ms | ActiveRecord: 0.0ms)


Started GET "/assets/application.js?body=1" for 127.0.0.1 at 2013-02-04 17:18:26 +0800
Served asset /application.js - 200 OK (1ms)


Started GET "/assets/application.css?body=1" for 127.0.0.1 at 2013-02-04 17:18:26 +0800
Served asset /application.css - 200 OK (5ms)


Started GET "/assets/left-side.css?body=1" for 127.0.0.1 at 2013-02-04 17:18:26 +0800
Served asset /left-side.css - 200 OK (3ms)


Started GET "/todos" for 127.0.0.1 at 2013-02-04 17:18:41 +0800
Processing by TodosController#index as HTML
  Rendered todos/index.html.erb within layouts/application (0.0ms)
Compiled left-side.css  (9ms)  (pid 19226)
Compiled application.css  (0ms)  (pid 19226)
  Rendered /mnt/soffolk/home/soffolk/work/mine/left_side/lib/left_side/cells/left_side/base.html.erb (1.0ms)
Completed 200 OK in 147ms (Views: 146.3ms | ActiveRecord: 0.0ms)


Started GET "/assets/application.css?body=1" for 127.0.0.1 at 2013-02-04 17:18:41 +0800
Served asset /application.css - 200 OK (4ms)


Started GET "/assets/left-side.css?body=1" for 127.0.0.1 at 2013-02-04 17:18:42 +0800
Served asset /left-side.css - 200 OK (1ms)


Started GET "/assets/application.js?body=1" for 127.0.0.1 at 2013-02-04 17:18:42 +0800
Served asset /application.js - 200 OK (0ms)


Started GET "/todos" for 127.0.0.1 at 2013-02-04 17:18:59 +0800
Processing by TodosController#index as HTML
  Rendered todos/index.html.erb within layouts/application (0.0ms)
Compiled left-side.css  (13ms)  (pid 19226)
Compiled application.css  (1ms)  (pid 19226)
  Rendered /mnt/soffolk/home/soffolk/work/mine/left_side/lib/left_side/cells/left_side/base.html.erb (1.2ms)
Completed 200 OK in 35ms (Views: 34.9ms | ActiveRecord: 0.0ms)


Started GET "/assets/left-side.css?body=1" for 127.0.0.1 at 2013-02-04 17:18:59 +0800
Served asset /left-side.css - 200 OK (2ms)


Started GET "/assets/application.css?body=1" for 127.0.0.1 at 2013-02-04 17:18:59 +0800
Served asset /application.css - 200 OK (3ms)


Started GET "/assets/application.js?body=1" for 127.0.0.1 at 2013-02-04 17:18:59 +0800
Served asset /application.js - 200 OK (0ms)


Started GET "/tasks" for 127.0.0.1 at 2013-02-04 17:19:01 +0800
Processing by TasksController#index as HTML
  Rendered tasks/index.html.erb within layouts/application (0.0ms)
  Rendered /mnt/soffolk/home/soffolk/work/mine/left_side/lib/left_side/cells/left_side/base.html.erb (1.3ms)
Completed 200 OK in 11ms (Views: 10.6ms | ActiveRecord: 0.0ms)


Started GET "/assets/left-side.css?body=1" for 127.0.0.1 at 2013-02-04 17:19:01 +0800
Served asset /left-side.css - 200 OK (1ms)


Started GET "/assets/application.css?body=1" for 127.0.0.1 at 2013-02-04 17:19:01 +0800
Served asset /application.css - 200 OK (0ms)


Started GET "/assets/application.js?body=1" for 127.0.0.1 at 2013-02-04 17:19:01 +0800
Served asset /application.js - 200 OK (0ms)


Started GET "/todos" for 127.0.0.1 at 2013-02-04 17:19:03 +0800
Processing by TodosController#index as HTML
  Rendered todos/index.html.erb within layouts/application (0.0ms)
  Rendered /mnt/soffolk/home/soffolk/work/mine/left_side/lib/left_side/cells/left_side/base.html.erb (1.0ms)
Completed 200 OK in 9ms (Views: 8.6ms | ActiveRecord: 0.0ms)


Started GET "/assets/application.css?body=1" for 127.0.0.1 at 2013-02-04 17:19:03 +0800
Served asset /application.css - 200 OK (0ms)


Started GET "/assets/left-side.css?body=1" for 127.0.0.1 at 2013-02-04 17:19:03 +0800
Served asset /left-side.css - 200 OK (0ms)


Started GET "/assets/application.js?body=1" for 127.0.0.1 at 2013-02-04 17:19:03 +0800
Served asset /application.js - 200 OK (0ms)


Started GET "/todos" for 127.0.0.1 at 2013-02-04 17:19:37 +0800
Processing by TodosController#index as HTML
  Rendered todos/index.html.erb within layouts/application (0.0ms)
  Rendered /mnt/soffolk/home/soffolk/work/mine/left_side/lib/left_side/cells/left_side/base.html.erb (1.7ms)
Completed 200 OK in 13ms (Views: 13.2ms | ActiveRecord: 0.0ms)


Started GET "/assets/application.css?body=1" for 127.0.0.1 at 2013-02-04 17:19:37 +0800
Served asset /application.css - 200 OK (0ms)


Started GET "/assets/left-side.css?body=1" for 127.0.0.1 at 2013-02-04 17:19:37 +0800
Served asset /left-side.css - 200 OK (0ms)


Started GET "/assets/application.js?body=1" for 127.0.0.1 at 2013-02-04 17:19:37 +0800
Served asset /application.js - 200 OK (0ms)


Started GET "/tasks" for 127.0.0.1 at 2013-02-04 17:19:38 +0800
Processing by TasksController#index as HTML
  Rendered tasks/index.html.erb within layouts/application (0.0ms)
  Rendered /mnt/soffolk/home/soffolk/work/mine/left_side/lib/left_side/cells/left_side/base.html.erb (1.7ms)
Completed 200 OK in 18ms (Views: 17.4ms | ActiveRecord: 0.0ms)


Started GET "/assets/left-side.css?body=1" for 127.0.0.1 at 2013-02-04 17:19:39 +0800
Served asset /left-side.css - 200 OK (0ms)


Started GET "/assets/application.css?body=1" for 127.0.0.1 at 2013-02-04 17:19:39 +0800
Served asset /application.css - 200 OK (0ms)


Started GET "/assets/application.js?body=1" for 127.0.0.1 at 2013-02-04 17:19:39 +0800
Served asset /application.js - 200 OK (0ms)


Started GET "/todos" for 127.0.0.1 at 2013-02-04 17:19:40 +0800
Processing by TodosController#index as HTML
  Rendered todos/index.html.erb within layouts/application (0.0ms)
  Rendered /mnt/soffolk/home/soffolk/work/mine/left_side/lib/left_side/cells/left_side/base.html.erb (1.7ms)
Completed 200 OK in 13ms (Views: 12.9ms | ActiveRecord: 0.0ms)


Started GET "/assets/application.css?body=1" for 127.0.0.1 at 2013-02-04 17:19:40 +0800
Served asset /application.css - 200 OK (0ms)


Started GET "/assets/application.js?body=1" for 127.0.0.1 at 2013-02-04 17:19:40 +0800
Served asset /application.js - 200 OK (0ms)


Started GET "/assets/left-side.css?body=1" for 127.0.0.1 at 2013-02-04 17:19:40 +0800
Served asset /left-side.css - 200 OK (0ms)


Started GET "/tasks" for 127.0.0.1 at 2013-02-04 17:20:03 +0800
Processing by TasksController#index as HTML
  Rendered tasks/index.html.erb within layouts/application (0.0ms)
  Rendered /mnt/soffolk/home/soffolk/work/mine/left_side/lib/left_side/cells/left_side/base.html.erb (1.3ms)
Completed 200 OK in 11ms (Views: 11.1ms | ActiveRecord: 0.0ms)


Started GET "/assets/application.css?body=1" for 127.0.0.1 at 2013-02-04 17:20:03 +0800
Served asset /application.css - 200 OK (0ms)


Started GET "/assets/left-side.css?body=1" for 127.0.0.1 at 2013-02-04 17:20:03 +0800
Served asset /left-side.css - 200 OK (0ms)


Started GET "/assets/application.js?body=1" for 127.0.0.1 at 2013-02-04 17:20:03 +0800
Served asset /application.js - 200 OK (0ms)


Started GET "/todos" for 127.0.0.1 at 2013-02-04 17:20:04 +0800
Processing by TodosController#index as HTML
  Rendered todos/index.html.erb within layouts/application (0.0ms)
  Rendered /mnt/soffolk/home/soffolk/work/mine/left_side/lib/left_side/cells/left_side/base.html.erb (1.0ms)
Completed 200 OK in 8ms (Views: 8.1ms | ActiveRecord: 0.0ms)


Started GET "/assets/application.css?body=1" for 127.0.0.1 at 2013-02-04 17:20:04 +0800
Served asset /application.css - 200 OK (0ms)


Started GET "/assets/left-side.css?body=1" for 127.0.0.1 at 2013-02-04 17:20:04 +0800
Served asset /left-side.css - 200 OK (0ms)


Started GET "/assets/application.js?body=1" for 127.0.0.1 at 2013-02-04 17:20:04 +0800
Served asset /application.js - 200 OK (0ms)


Started GET "/tasks" for 127.0.0.1 at 2013-02-04 17:20:05 +0800
Processing by TasksController#index as HTML
  Rendered tasks/index.html.erb within layouts/application (0.0ms)
  Rendered /mnt/soffolk/home/soffolk/work/mine/left_side/lib/left_side/cells/left_side/base.html.erb (1.4ms)
Completed 200 OK in 9ms (Views: 9.0ms | ActiveRecord: 0.0ms)


Started GET "/assets/application.js?body=1" for 127.0.0.1 at 2013-02-04 17:20:05 +0800
Served asset /application.js - 200 OK (0ms)


Started GET "/assets/application.css?body=1" for 127.0.0.1 at 2013-02-04 17:20:05 +0800
Served asset /application.css - 200 OK (0ms)


Started GET "/assets/left-side.css?body=1" for 127.0.0.1 at 2013-02-04 17:20:05 +0800
Served asset /left-side.css - 200 OK (0ms)
